python-dotenv could not parse statement starting at line 14
python-dotenv could not parse statement starting at line 14
== Cloudinary migration  ==
SKIPPED: [talents/0395c9ff-2e6c-4cc1-9060-970a0be3727a/ba037d2d-8254-4da5-90f0-15a88e0e6a0f] → already-migrated
SKIPPED: [talents/0395c9ff-2e6c-4cc1-9060-970a0be3727a/fcd1d16b-09c0-4336-8b37-cccf2889b75f] → already-migrated
SKIPPED: [talents/0395c9ff-2e6c-4cc1-9060-970a0be3727a/859542b8-6160-45ca-993d-b2f8a7d6f40b] → already-migrated
SKIPPED: [talents/0395c9ff-2e6c-4cc1-9060-970a0be3727a/65df4de4-e4dd-4361-b204-6e00bcddbceb] → already-migrated
SKIPPED: [talents/0395c9ff-2e6c-4cc1-9060-970a0be3727a/d7f097f9-44ac-4daf-b09a-653b689f1ba4] → already-migrated
SKIPPED: [talents/0395c9ff-2e6c-4cc1-9060-970a0be3727a/70079151-1f56-4c03-b1a3-7f51fcb8d5df] → already-migrated
SKIPPED: [talents/0395c9ff-2e6c-4cc1-9060-970a0be3727a/0aae5903-03d5-4c84-bc79-42d74d150ee3] → already-migrated
SKIPPED: [talents/8275939b-58bb-4e3a-9cac-7517d18c6fd8/77f866c2-a79e-435d-9707-68339dc99da5] → already-migrated
SKIPPED: [talents/8275939b-58bb-4e3a-9cac-7517d18c6fd8/67255b9c-f998-4831-adaa-c0f9323054ca] → already-migrated
SKIPPED: [talents/8275939b-58bb-4e3a-9cac-7517d18c6fd8/df6a298d-b0cc-4927-b229-fb031e65cf5a] → already-migrated
SKIPPED: [talents/8275939b-58bb-4e3a-9cac-7517d18c6fd8/7f601d2c-13b2-48a8-9424-4104bc54e2f3] → already-migrated
SKIPPED: [talents/8275939b-58bb-4e3a-9cac-7517d18c6fd8/a2d849c9-2c2e-4f3f-9b6f-285c801ed0da] → already-migrated
SKIPPED: [talents/9708389c-6c53-4ea0-9355-e595c46e7950/05d98020-1b7e-4512-8408-c31ae2098141] → already-migrated
SKIPPED: [talents/9708389c-6c53-4ea0-9355-e595c46e7950/4a9d5248-4408-459d-9292-e3f63e9a072a] → already-migrated
SKIPPED: [talents/9708389c-6c53-4ea0-9355-e595c46e7950/b6b47f32-9c84-435b-b9df-4508c3f7b984] → already-migrated
SKIPPED: [talents/9708389c-6c53-4ea0-9355-e595c46e7950/b1bea911-e9e8-46a0-b54c-192045648424] → already-migrated
SKIPPED: [talents/9708389c-6c53-4ea0-9355-e595c46e7950/a5c9991e-591d-4458-b9bb-6b7d3357afbe] → already-migrated
SKIPPED: [talents/9708389c-6c53-4ea0-9355-e595c46e7950/12b02a4a-3c1e-4d2e-afd3-98657c243077] → already-migrated
SKIPPED: [talents/9708389c-6c53-4ea0-9355-e595c46e7950/ef4787e2-2697-41f0-802f-512549158e71] → already-migrated
SKIPPED: [talents/9708389c-6c53-4ea0-9355-e595c46e7950/205b7ca3-881e-441f-9d4f-7d633af1fc91] → already-migrated
SKIPPED: [talents/c327d1db-f2e7-4d66-9a3b-80a9a9b59e2a/afcd815f-11b7-4923-8768-cefea86b3957] → already-migrated
SKIPPED: [talents/c327d1db-f2e7-4d66-9a3b-80a9a9b59e2a/0d73524c-3873-41d5-b621-8cfb3b9b1071] → already-migrated
SKIPPED: [talents/c327d1db-f2e7-4d66-9a3b-80a9a9b59e2a/8547c47a-e214-4f6b-b16b-031b265ac7da] → already-migrated
2026-04-28 19:43:28,105 - INFO - Pre-resize: 12720651 → 2216760 bytes (q=90, w=3840)
SUCCESS: [talents/c327d1db-f2e7-4d66-9a3b-80a9a9b59e2a/38441928-7c0d-4b5c-8a8f-d121bd57eecf] → https://res.cloudinary.com/talentgram/image/upload/v1777405408/talentgram/talents/c327d1db-f2e7-4d66-9a3b-80a9a9b59e2a/38441928-7c0d-4b5c-8a8f-d121bd57eecf.jpg
SKIPPED: [talents/c327d1db-f2e7-4d66-9a3b-80a9a9b59e2a/cb950ed1-227e-4ef0-807d-688de0115611] → already-migrated
SKIPPED: [talents/c327d1db-f2e7-4d66-9a3b-80a9a9b59e2a/a5d8ef20-fb18-4ca1-8af1-94a85242655e] → already-migrated
SKIPPED: [talents/c327d1db-f2e7-4d66-9a3b-80a9a9b59e2a/bd8751dc-2363-4539-9812-fa2dd17177ff] → already-migrated
SKIPPED: [talents/c327d1db-f2e7-4d66-9a3b-80a9a9b59e2a/8be40f79-85ea-4139-adf9-9750f5345572] → already-migrated
SKIPPED: [talents/8b1e91b9-d3d3-4454-ba4c-5e41be8f1069/16fe24be-5369-4e20-af7d-3c53dc1d3e92] → already-migrated
SKIPPED: [talents/8b1e91b9-d3d3-4454-ba4c-5e41be8f1069/865ac5b5-817a-493e-b14a-01e57d7b6107] → already-migrated
SKIPPED: [talents/8b1e91b9-d3d3-4454-ba4c-5e41be8f1069/62374d3b-d21c-4a34-ba38-5a90b883414c] → already-migrated
SKIPPED: [talents/8b1e91b9-d3d3-4454-ba4c-5e41be8f1069/d99e97ca-2efe-4361-88f7-e7b680eb94e5] → already-migrated
SKIPPED: [talents/8b1e91b9-d3d3-4454-ba4c-5e41be8f1069/a181a58a-2dbe-4c0c-a412-775bf41304d6] → already-migrated
SKIPPED: [talents/8b1e91b9-d3d3-4454-ba4c-5e41be8f1069/c78a5201-ee44-4720-b8c0-82d806228e08] → already-migrated
SKIPPED: [talents/8b1e91b9-d3d3-4454-ba4c-5e41be8f1069/9d5cd2a5-722c-477d-94ef-404902e33df0] → already-migrated
SKIPPED: [talents/8b1e91b9-d3d3-4454-ba4c-5e41be8f1069/b9e91686-13e1-4629-90d4-95a464a046d0] → already-migrated
SKIPPED: [talents/efa140b2-c975-4458-a4cb-1270727afd88/cbe78dc7-22a7-424e-97a7-21a119f9aea5] → already-migrated
SKIPPED: [talents/efa140b2-c975-4458-a4cb-1270727afd88/21a8c4f9-998b-4f79-a010-00edb771f6bc] → already-migrated
SKIPPED: [talents/efa140b2-c975-4458-a4cb-1270727afd88/abbb9cd4-24c5-42f1-ac19-3839af0d9762] → already-migrated
SKIPPED: [talents/efa140b2-c975-4458-a4cb-1270727afd88/e8bde4e4-6185-4d25-a87e-1133d148bfa7] → already-migrated
SKIPPED: [talents/efa140b2-c975-4458-a4cb-1270727afd88/59bba785-5154-4ff3-9c14-f2ec853be197] → already-migrated
SKIPPED: [talents/efa140b2-c975-4458-a4cb-1270727afd88/d8c8b3bd-6949-4e88-876e-aab212fc0b63] → already-migrated
SKIPPED: [talents/efa140b2-c975-4458-a4cb-1270727afd88/41d51a78-a518-4e9a-b2e7-6ed18b74b325] → already-migrated
SKIPPED: [talents/efa140b2-c975-4458-a4cb-1270727afd88/6ee51ea7-e907-40d8-91e1-be46b81e7c93] → already-migrated
SKIPPED: [talents/efa140b2-c975-4458-a4cb-1270727afd88/389d6648-54d8-493a-a8a0-7b00f74a5e5e] → already-migrated
SKIPPED: [submissions/133b702c-06b0-4afa-887d-3c3293ffe0a4/72e846ac-24fa-43d7-a827-48f7c5cfa398] → already-migrated
SKIPPED: [submissions/133b702c-06b0-4afa-887d-3c3293ffe0a4/2e7f8b8f-dede-4f31-9c25-ab7ee151a792] → already-migrated
SKIPPED: [submissions/133b702c-06b0-4afa-887d-3c3293ffe0a4/1ce1a365-254a-404f-9ada-e5f19441568a] → already-migrated
SKIPPED: [submissions/133b702c-06b0-4afa-887d-3c3293ffe0a4/3507f6e1-e72c-49d4-b226-68ea6fe3331b] → already-migrated
SKIPPED: [submissions/133b702c-06b0-4afa-887d-3c3293ffe0a4/a7177f0f-9dab-4382-9e7b-c815496f0ebe] → already-migrated
SKIPPED: [submissions/133b702c-06b0-4afa-887d-3c3293ffe0a4/fe97c3d6-9810-48ca-89ff-d3d5752bb8ec] → already-migrated
SKIPPED: [submissions/133b702c-06b0-4afa-887d-3c3293ffe0a4/2d4d9fcb-e78b-47cb-899c-af724643d715] → already-migrated
SKIPPED: [submissions/133b702c-06b0-4afa-887d-3c3293ffe0a4/b5a7c4d2-58b5-439d-9814-cd35c9ed374e] → already-migrated
SKIPPED: [submissions/133b702c-06b0-4afa-887d-3c3293ffe0a4/bcae568b-0250-4af7-9274-64c10b708a04] → already-migrated
SKIPPED: [submissions/46e45645-bca6-4e77-b4c1-ed4f2bb7e6c0/2af35c83-3634-4126-9499-62877f6ad96e] → already-migrated
SKIPPED: [submissions/46e45645-bca6-4e77-b4c1-ed4f2bb7e6c0/fbaf4b61-d65d-449e-9ded-8b0a5df9e561] → already-migrated
SKIPPED: [submissions/46e45645-bca6-4e77-b4c1-ed4f2bb7e6c0/4ac33310-1a59-4503-8d78-d25387bdf458] → already-migrated
SKIPPED: [submissions/000f4df9-0f3d-4f74-a75c-70dbccc53f74/070bcbc6-65e4-4afc-9bb4-acae7fb7198c] → already-migrated
SKIPPED: [submissions/000f4df9-0f3d-4f74-a75c-70dbccc53f74/b24a9960-872c-440e-a3be-6a8f0a08311a] → already-migrated
SKIPPED: [submissions/000f4df9-0f3d-4f74-a75c-70dbccc53f74/ab3d191d-934a-428d-bb8b-08eec65d01be] → already-migrated
SKIPPED: [submissions/000f4df9-0f3d-4f74-a75c-70dbccc53f74/ccd404d8-7e7e-47b5-8e61-b8245407edef] → already-migrated
SKIPPED: [submissions/000f4df9-0f3d-4f74-a75c-70dbccc53f74/9a3d1529-244d-4981-938b-4fc04ea75a63] → already-migrated
SKIPPED: [submissions/000f4df9-0f3d-4f74-a75c-70dbccc53f74/ecd49612-7272-4a61-8bdc-661003833bcc] → already-migrated
SKIPPED: [submissions/000f4df9-0f3d-4f74-a75c-70dbccc53f74/03c2c39b-83c3-4099-82e2-e697f20c4e09] → already-migrated
SKIPPED: [submissions/000f4df9-0f3d-4f74-a75c-70dbccc53f74/94a11305-b1ec-43db-9f74-1a161a977f79] → already-migrated
SKIPPED: [submissions/000f4df9-0f3d-4f74-a75c-70dbccc53f74/7f5a3e91-7ef0-4dfc-a214-2521931d0f2c] → already-migrated
SKIPPED: [submissions/0afcc7e6-bead-4b7e-ba9f-c58dc080118a/cecfeac6-e82a-48fa-a276-e058be675ee7] → already-migrated
SKIPPED: [submissions/0afcc7e6-bead-4b7e-ba9f-c58dc080118a/102a8e89-aefe-4290-87a3-28a7f6239684] → already-migrated
SKIPPED: [submissions/0afcc7e6-bead-4b7e-ba9f-c58dc080118a/a6af48c6-2311-4762-bfd8-f858a2cd5cc4] → already-migrated
SKIPPED: [submissions/0afcc7e6-bead-4b7e-ba9f-c58dc080118a/d39e15bd-7dfd-44f4-871f-b83690819198] → already-migrated
SKIPPED: [submissions/0afcc7e6-bead-4b7e-ba9f-c58dc080118a/3de25d29-e7d7-4a2f-b1e1-75f928a42b65] → already-migrated
SKIPPED: [submissions/0afcc7e6-bead-4b7e-ba9f-c58dc080118a/96b1e3c8-34ad-413e-b949-0ffe7ac02f31] → already-migrated
SKIPPED: [submissions/0afcc7e6-bead-4b7e-ba9f-c58dc080118a/a2ff03ff-dfdb-4637-965e-6b9633f6b927] → already-migrated
SKIPPED: [submissions/0afcc7e6-bead-4b7e-ba9f-c58dc080118a/a6edef91-e590-4dfd-b551-8f24f30b92fb] → already-migrated
SKIPPED: [submissions/0afcc7e6-bead-4b7e-ba9f-c58dc080118a/51835087-0b5c-4779-9faa-5706191817d5] → already-migrated
SKIPPED: [submissions/c1193804-47a5-4d92-a699-6e8731a583b0/99692d0e-cdc2-42d1-9c70-68338340bfea] → already-migrated
SKIPPED: [submissions/c1193804-47a5-4d92-a699-6e8731a583b0/a8a79950-6ff5-46a7-b64b-1d55e0b470b5] → already-migrated
SKIPPED: [submissions/c1193804-47a5-4d92-a699-6e8731a583b0/1cf20ee6-ff8c-43dd-96f3-d944e482fdbf] → already-migrated
SKIPPED: [submissions/c1193804-47a5-4d92-a699-6e8731a583b0/bbe49a4b-d51f-424e-b4dd-9657c88101d9] → already-migrated
SKIPPED: [submissions/c1193804-47a5-4d92-a699-6e8731a583b0/0ddc8ea9-4707-4454-927f-81425fb34e6f] → already-migrated
SKIPPED: [submissions/c1193804-47a5-4d92-a699-6e8731a583b0/79a1aebd-c6cb-404b-b8f3-cc901c51238c] → already-migrated
SKIPPED: [submissions/c1193804-47a5-4d92-a699-6e8731a583b0/d72e464b-af25-4e27-8bf7-88941b2da6b4] → already-migrated
SKIPPED: [submissions/c3eca03a-7cf6-4ca8-9829-ab25072a8f38/7566fd35-2cb6-4eb1-9fc7-358154b6747a] → already-migrated
SKIPPED: [submissions/c3eca03a-7cf6-4ca8-9829-ab25072a8f38/a9a9947b-b313-4ead-8c84-55718fb8c46c] → already-migrated
SKIPPED: [submissions/c3eca03a-7cf6-4ca8-9829-ab25072a8f38/d89cabd1-716f-43cb-bfab-bd0e570ffac2] → already-migrated
SKIPPED: [submissions/c3eca03a-7cf6-4ca8-9829-ab25072a8f38/ae00019c-d504-49da-b352-a38b578c85cf] → already-migrated
2026-04-28 19:43:31,975 - INFO - Pre-resize: 12720651 → 2216760 bytes (q=90, w=3840)
SUCCESS: [submissions/c3eca03a-7cf6-4ca8-9829-ab25072a8f38/4d389d91-5bbf-436e-aa55-d67f509514a2] → https://res.cloudinary.com/talentgram/image/upload/v1777405412/talentgram/submissions/c3eca03a-7cf6-4ca8-9829-ab25072a8f38/4d389d91-5bbf-436e-aa55-d67f509514a2.jpg
SKIPPED: [submissions/c3eca03a-7cf6-4ca8-9829-ab25072a8f38/41b06384-a354-4518-8cf5-ac9eaa0c0a2f] → already-migrated
SKIPPED: [submissions/c3eca03a-7cf6-4ca8-9829-ab25072a8f38/f4e226e3-8dd6-4300-b94e-17bbb803fb9e] → already-migrated
SKIPPED: [submissions/c3eca03a-7cf6-4ca8-9829-ab25072a8f38/88d18eb7-05dd-4049-b7f8-c718e4cd50b1] → already-migrated
SKIPPED: [submissions/c3eca03a-7cf6-4ca8-9829-ab25072a8f38/2e40bfc0-35b8-4843-b2f3-8225e6f68482] → already-migrated
SKIPPED: [submissions/9eb77a14-0c67-4c4b-ab94-8e249812a270/495cb0b4-f2c4-4a33-8082-c988e3c2e1b0] → already-migrated
SKIPPED: [submissions/9757a04a-c122-4a17-b2d5-0deb4f84cffd/8793b4f0-88ad-45dd-af7f-29049d9ce686] → already-migrated
SKIPPED: [submissions/9757a04a-c122-4a17-b2d5-0deb4f84cffd/b9d0d1c6-ac6e-44e7-95fc-d356c081c3b1] → already-migrated
SKIPPED: [submissions/9757a04a-c122-4a17-b2d5-0deb4f84cffd/d3454cf1-93ea-411f-bc81-9cc3dcb35009] → already-migrated
SKIPPED: [submissions/9757a04a-c122-4a17-b2d5-0deb4f84cffd/7ed6ea03-2c83-4c53-9ec7-f2f1c17f7070] → already-migrated
SKIPPED: [submissions/9757a04a-c122-4a17-b2d5-0deb4f84cffd/4db86bf1-b460-4a26-8d3e-bc557d02353a] → already-migrated
SKIPPED: [submissions/9757a04a-c122-4a17-b2d5-0deb4f84cffd/a437ae79-ead7-4271-8b58-9f8e6cbdf629] → already-migrated
SKIPPED: [submissions/9757a04a-c122-4a17-b2d5-0deb4f84cffd/895b4f81-6be8-4519-bd73-404b7ff912cc] → already-migrated
SKIPPED: [submissions/9757a04a-c122-4a17-b2d5-0deb4f84cffd/819150c2-cdd3-4461-b3b8-f0132d7288e4] → already-migrated
SKIPPED: [submissions/9757a04a-c122-4a17-b2d5-0deb4f84cffd/179bd9da-4ce1-4e9e-a603-ac2b182f5a5e] → already-migrated
SKIPPED: [submissions/9757a04a-c122-4a17-b2d5-0deb4f84cffd/8681f365-b4ad-4450-b26e-0132f38b9218] → already-migrated
SKIPPED: [submissions/9757a04a-c122-4a17-b2d5-0deb4f84cffd/b1880707-cc60-4a10-b54c-76d1a1123449] → already-migrated
SKIPPED: [submissions/9757a04a-c122-4a17-b2d5-0deb4f84cffd/65ff30a8-bd0c-4307-8c48-da5867f784a6] → already-migrated
SKIPPED: [submissions/86ef0156-a637-4ac4-b8cc-66a80e83add4/9b8aa0bf-5314-417e-8b98-6e05b47cab8c] → already-migrated
SKIPPED: [submissions/86ef0156-a637-4ac4-b8cc-66a80e83add4/200d1bb6-d145-427e-b668-86cdb25af6ac] → already-migrated
SKIPPED: [submissions/86ef0156-a637-4ac4-b8cc-66a80e83add4/a3099af4-7593-4330-8999-b887b04bf8bc] → already-migrated
2026-04-28 19:43:34,675 - INFO - Pre-resize: 21924479 → 2099927 bytes (q=90, w=3840)
SUCCESS: [submissions/86ef0156-a637-4ac4-b8cc-66a80e83add4/2d49dac7-bb78-4477-ba21-4a8379d39daa] → https://res.cloudinary.com/talentgram/image/upload/v1777405414/talentgram/submissions/86ef0156-a637-4ac4-b8cc-66a80e83add4/2d49dac7-bb78-4477-ba21-4a8379d39daa.jpg
SKIPPED: [submissions/89561bf4-1162-471f-8ce5-bb323794c414/e76348d0-e26c-478c-9ae1-832062ed1f81] → already-migrated
SKIPPED: [submissions/89561bf4-1162-471f-8ce5-bb323794c414/cd20e4a8-4822-4a71-a09f-e10d2a4d6a9f] → already-migrated
SKIPPED: [submissions/89561bf4-1162-471f-8ce5-bb323794c414/456d9f61-b250-4e31-831a-af59d823d7ad] → already-migrated
SKIPPED: [submissions/89561bf4-1162-471f-8ce5-bb323794c414/83108622-f173-4412-a481-37c02b6daf5e] → already-migrated
SKIPPED: [submissions/89561bf4-1162-471f-8ce5-bb323794c414/51556e51-64cd-47f3-91f5-53eeb6f3da8d] → already-migrated
SKIPPED: [submissions/89561bf4-1162-471f-8ce5-bb323794c414/c771d3b7-b6eb-4d40-ae13-7063cdee58a7] → already-migrated
SKIPPED: [submissions/89561bf4-1162-471f-8ce5-bb323794c414/ffee6ce4-ce21-4227-ab6a-071a15763475] → already-migrated
SKIPPED: [submissions/89561bf4-1162-471f-8ce5-bb323794c414/27f6070e-bec2-4b3b-8c65-3fa25ebc81ea] → already-migrated
SKIPPED: [submissions/89561bf4-1162-471f-8ce5-bb323794c414/eb5ababb-e492-41fd-9994-fc8141911891] → already-migrated
SKIPPED: [submissions/89561bf4-1162-471f-8ce5-bb323794c414/71232744-fdcf-45ef-ad2f-0d6c6e6fbf7d] → already-migrated
SKIPPED: [applications/6585e0a1-b81c-44f2-95bf-5fef51e125e2/9b33312a-9419-4d2a-a51e-2bb2646e3b33] → already-migrated
SKIPPED: [applications/6ede8e85-761a-42cf-8c63-60cea74c5899/b449ec0d-9c59-48f3-b7f4-6f2513d3ce6c] → already-migrated
SKIPPED: [applications/beea9435-51af-4281-8420-2183ac2e418e/b3040d5d-b0b3-4d75-965d-a51e733ede67] → already-migrated
SKIPPED: [applications/614017f8-aeb0-46c4-97fb-7e2c392ac731/2a608f3c-732f-4136-8f4e-47a2f0bd2d29] → already-migrated
SKIPPED: [applications/84d1643f-2d7f-40ab-a5b9-bcb42d87bafe/c28a5665-2e31-4d90-afc4-92d74fcf8c5b] → already-migrated
SKIPPED: [applications/40d24c0f-636a-44d9-8656-aaecfbede6d7/12d122fa-290b-451c-a084-8b921449ef3e] → already-migrated
SKIPPED: [applications/0d740a7f-8718-4d03-b320-64f673f6e3af/12895753-fbec-481a-8596-5f2011faf719] → already-migrated
SKIPPED: [applications/e6980c39-51b1-4248-9147-62b6a52b1430/52a39d53-7df6-484a-8043-b5b7cb6e1962] → already-migrated
SKIPPED: [applications/f054bdde-481e-431a-abee-fe72ae11b282/f25743ab-c304-4153-a6e8-42229b2389cb] → already-migrated
SKIPPED: [applications/4f662c55-166b-4a6f-a267-50aa67ff882e/61d9840b-245a-4d0e-a9c6-6461e94ae8d3] → already-migrated
SKIPPED: [applications/4f662c55-166b-4a6f-a267-50aa67ff882e/bd1044aa-bb70-4a72-8ab7-41529ccecef0] → already-migrated
SKIPPED: [applications/4f662c55-166b-4a6f-a267-50aa67ff882e/0ca8b869-e24b-469b-90c1-c3fea4f76d9f] → already-migrated
SKIPPED: [applications/4f662c55-166b-4a6f-a267-50aa67ff882e/77fe2dfa-810f-46d5-89ba-a1fbfa5fa39c] → already-migrated
SKIPPED: [applications/4f662c55-166b-4a6f-a267-50aa67ff882e/259f587c-65ca-4269-b55a-4569a02b213f] → already-migrated
SKIPPED: [applications/4f662c55-166b-4a6f-a267-50aa67ff882e/56a8dfbb-457b-4e50-a086-6ad7012039f7] → already-migrated
SKIPPED: [applications/4f662c55-166b-4a6f-a267-50aa67ff882e/c4510eba-52f9-43bd-8e91-7772c053c951] → already-migrated
SKIPPED: [applications/4f662c55-166b-4a6f-a267-50aa67ff882e/3c2c1daf-c8f6-4088-b6f9-b3ef390be9dd] → already-migrated
SKIPPED: [applications/4f662c55-166b-4a6f-a267-50aa67ff882e/05eecc10-a19c-4a00-9416-5896a29aad99] → already-migrated
SKIPPED: [applications/179055fe-1001-409d-9353-b291935c25bf/61c433c9-ffa2-42e1-86c8-8f5637319efc] → already-migrated
SKIPPED: [applications/179055fe-1001-409d-9353-b291935c25bf/806d22aa-3798-4434-97f4-9a20a952eb6b] → already-migrated
SKIPPED: [applications/bde14c86-adc2-407c-89a2-710ae7667944/806a6ed9-d7d1-41f9-adc7-b4fc7c179777] → already-migrated
SKIPPED: [applications/bde14c86-adc2-407c-89a2-710ae7667944/832df4ee-fc31-4a91-a05a-093365914824] → already-migrated
SKIPPED: [applications/e0d6a06c-1e13-48ba-a620-63d8a412dc71/7a240292-815f-40cc-ad8a-2468b80c3ed6] → already-migrated
SKIPPED: [applications/e0d6a06c-1e13-48ba-a620-63d8a412dc71/2e2ea874-cb8b-4249-8a77-32a23326a5e9] → already-migrated
SKIPPED: [applications/2b4bc6dd-ddef-4948-8cc9-6e4c4fd74a57/23080bdc-44f7-40fe-8954-668c5e4e2ed4] → already-migrated
SKIPPED: [applications/2b4bc6dd-ddef-4948-8cc9-6e4c4fd74a57/92839184-9e12-4fd3-9f7d-4ad66b91a619] → already-migrated
SKIPPED: [applications/213d362d-cb12-44e8-aa15-0aa38a1bb905/18457bc7-1742-4a18-b875-8b26af4b1fa8] → already-migrated
SKIPPED: [applications/23068286-e86d-4190-bd38-9b69a3226eea/cde56450-2f55-4872-a81c-655b979929d9] → already-migrated
SKIPPED: [applications/23068286-e86d-4190-bd38-9b69a3226eea/8a72a8d8-9de4-4cef-8ef7-96f47939cf67] → already-migrated
SKIPPED: [applications/e2397e95-d269-4c59-ac7a-98c5aeb80e0d/01116346-0400-4b73-a7a0-f5616554df6f] → already-migrated
SKIPPED: [applications/3d4b864d-961d-47a9-8d31-f24d9b721022/46878636-c086-4d7d-8adb-5f383c302f12] → already-migrated
2026-04-28 19:43:37,031 - ERROR - Cloudinary upload failed (folder=talentgram/applications/c3e9b023-e6bb-4e08-9952-2ce252d59167 pid=d69580ab-8be2-4fb5-a987-bcc45c9b1f90): General Error
2026-04-28 19:43:38,909 - ERROR - Cloudinary upload failed (folder=talentgram/applications/c3e9b023-e6bb-4e08-9952-2ce252d59167 pid=d69580ab-8be2-4fb5-a987-bcc45c9b1f90): General Error
2026-04-28 19:43:40,598 - ERROR - Cloudinary upload failed (folder=talentgram/applications/c3e9b023-e6bb-4e08-9952-2ce252d59167 pid=d69580ab-8be2-4fb5-a987-bcc45c9b1f90): General Error
FAILED:  [applications/c3e9b023-e6bb-4e08-9952-2ce252d59167/d69580ab-8be2-4fb5-a987-bcc45c9b1f90] → HTTPException: 502: Storage upload failed
2026-04-28 19:43:42,877 - ERROR - Cloudinary upload failed (folder=talentgram/applications/c3e9b023-e6bb-4e08-9952-2ce252d59167 pid=b82ca323-926d-4a48-b397-99a06175380b): General Error
2026-04-28 19:43:44,020 - ERROR - Cloudinary upload failed (folder=talentgram/applications/c3e9b023-e6bb-4e08-9952-2ce252d59167 pid=b82ca323-926d-4a48-b397-99a06175380b): General Error
2026-04-28 19:43:46,103 - ERROR - Cloudinary upload failed (folder=talentgram/applications/c3e9b023-e6bb-4e08-9952-2ce252d59167 pid=b82ca323-926d-4a48-b397-99a06175380b): General Error
FAILED:  [applications/c3e9b023-e6bb-4e08-9952-2ce252d59167/b82ca323-926d-4a48-b397-99a06175380b] → HTTPException: 502: Storage upload failed
2026-04-28 19:43:48,420 - ERROR - Cloudinary upload failed (folder=talentgram/applications/c3e9b023-e6bb-4e08-9952-2ce252d59167 pid=b67bf22b-dbe6-4cd9-bed1-a08882f3fa45): General Error
2026-04-28 19:43:49,685 - ERROR - Cloudinary upload failed (folder=talentgram/applications/c3e9b023-e6bb-4e08-9952-2ce252d59167 pid=b67bf22b-dbe6-4cd9-bed1-a08882f3fa45): General Error
2026-04-28 19:43:51,427 - ERROR - Cloudinary upload failed (folder=talentgram/applications/c3e9b023-e6bb-4e08-9952-2ce252d59167 pid=b67bf22b-dbe6-4cd9-bed1-a08882f3fa45): General Error
FAILED:  [applications/c3e9b023-e6bb-4e08-9952-2ce252d59167/b67bf22b-dbe6-4cd9-bed1-a08882f3fa45] → HTTPException: 502: Storage upload failed
2026-04-28 19:43:53,947 - ERROR - Cloudinary upload failed (folder=talentgram/applications/c3e9b023-e6bb-4e08-9952-2ce252d59167 pid=8905b8ed-49d7-4072-b39c-6d673d251dc3): General Error
2026-04-28 19:43:55,335 - ERROR - Cloudinary upload failed (folder=talentgram/applications/c3e9b023-e6bb-4e08-9952-2ce252d59167 pid=8905b8ed-49d7-4072-b39c-6d673d251dc3): General Error
2026-04-28 19:43:57,052 - ERROR - Cloudinary upload failed (folder=talentgram/applications/c3e9b023-e6bb-4e08-9952-2ce252d59167 pid=8905b8ed-49d7-4072-b39c-6d673d251dc3): General Error
FAILED:  [applications/c3e9b023-e6bb-4e08-9952-2ce252d59167/8905b8ed-49d7-4072-b39c-6d673d251dc3] → HTTPException: 502: Storage upload failed
2026-04-28 19:43:59,371 - ERROR - Cloudinary upload failed (folder=talentgram/applications/c3e9b023-e6bb-4e08-9952-2ce252d59167 pid=6b5de2fe-d4fd-4810-9e52-52e77f457a14): General Error
2026-04-28 19:44:00,536 - ERROR - Cloudinary upload failed (folder=talentgram/applications/c3e9b023-e6bb-4e08-9952-2ce252d59167 pid=6b5de2fe-d4fd-4810-9e52-52e77f457a14): General Error
2026-04-28 19:44:02,147 - ERROR - Cloudinary upload failed (folder=talentgram/applications/c3e9b023-e6bb-4e08-9952-2ce252d59167 pid=6b5de2fe-d4fd-4810-9e52-52e77f457a14): General Error
FAILED:  [applications/c3e9b023-e6bb-4e08-9952-2ce252d59167/6b5de2fe-d4fd-4810-9e52-52e77f457a14] → HTTPException: 502: Storage upload failed
2026-04-28 19:44:04,465 - ERROR - Cloudinary upload failed (folder=talentgram/applications/c3e9b023-e6bb-4e08-9952-2ce252d59167 pid=cec9ff92-02f3-4a50-b076-f6fc8454a325): General Error
2026-04-28 19:44:05,503 - ERROR - Cloudinary upload failed (folder=talentgram/applications/c3e9b023-e6bb-4e08-9952-2ce252d59167 pid=cec9ff92-02f3-4a50-b076-f6fc8454a325): General Error
2026-04-28 19:44:07,473 - ERROR - Cloudinary upload failed (folder=talentgram/applications/c3e9b023-e6bb-4e08-9952-2ce252d59167 pid=cec9ff92-02f3-4a50-b076-f6fc8454a325): General Error
FAILED:  [applications/c3e9b023-e6bb-4e08-9952-2ce252d59167/cec9ff92-02f3-4a50-b076-f6fc8454a325] → HTTPException: 502: Storage upload failed
2026-04-28 19:44:09,745 - ERROR - Cloudinary upload failed (folder=talentgram/applications/c3e9b023-e6bb-4e08-9952-2ce252d59167 pid=16f16227-149b-4277-80bb-82c98c90a506): General Error
2026-04-28 19:44:10,814 - ERROR - Cloudinary upload failed (folder=talentgram/applications/c3e9b023-e6bb-4e08-9952-2ce252d59167 pid=16f16227-149b-4277-80bb-82c98c90a506): General Error
2026-04-28 19:44:12,549 - ERROR - Cloudinary upload failed (folder=talentgram/applications/c3e9b023-e6bb-4e08-9952-2ce252d59167 pid=16f16227-149b-4277-80bb-82c98c90a506): General Error
FAILED:  [applications/c3e9b023-e6bb-4e08-9952-2ce252d59167/16f16227-149b-4277-80bb-82c98c90a506] → HTTPException: 502: Storage upload failed
2026-04-28 19:44:14,871 - ERROR - Cloudinary upload failed (folder=talentgram/applications/c3e9b023-e6bb-4e08-9952-2ce252d59167 pid=1912057c-d31c-4ac2-9f59-34004c18b918): General Error
2026-04-28 19:44:15,885 - ERROR - Cloudinary upload failed (folder=talentgram/applications/c3e9b023-e6bb-4e08-9952-2ce252d59167 pid=1912057c-d31c-4ac2-9f59-34004c18b918): General Error
2026-04-28 19:44:17,535 - ERROR - Cloudinary upload failed (folder=talentgram/applications/c3e9b023-e6bb-4e08-9952-2ce252d59167 pid=1912057c-d31c-4ac2-9f59-34004c18b918): General Error
FAILED:  [applications/c3e9b023-e6bb-4e08-9952-2ce252d59167/1912057c-d31c-4ac2-9f59-34004c18b918] → HTTPException: 502: Storage upload failed
2026-04-28 19:44:19,859 - ERROR - Cloudinary upload failed (folder=talentgram/applications/c3e9b023-e6bb-4e08-9952-2ce252d59167 pid=1700b453-c588-437c-8936-7fca17351fa1): General Error
2026-04-28 19:44:20,994 - ERROR - Cloudinary upload failed (folder=talentgram/applications/c3e9b023-e6bb-4e08-9952-2ce252d59167 pid=1700b453-c588-437c-8936-7fca17351fa1): General Error
2026-04-28 19:44:22,904 - ERROR - Cloudinary upload failed (folder=talentgram/applications/c3e9b023-e6bb-4e08-9952-2ce252d59167 pid=1700b453-c588-437c-8936-7fca17351fa1): General Error
FAILED:  [applications/c3e9b023-e6bb-4e08-9952-2ce252d59167/1700b453-c588-437c-8936-7fca17351fa1] → HTTPException: 502: Storage upload failed
2026-04-28 19:44:25,202 - ERROR - Cloudinary upload failed (folder=talentgram/applications/c3e9b023-e6bb-4e08-9952-2ce252d59167 pid=2b842b07-b144-4ce8-9089-fd27fdcccef5): General Error
2026-04-28 19:44:26,297 - ERROR - Cloudinary upload failed (folder=talentgram/applications/c3e9b023-e6bb-4e08-9952-2ce252d59167 pid=2b842b07-b144-4ce8-9089-fd27fdcccef5): General Error
2026-04-28 19:44:27,925 - ERROR - Cloudinary upload failed (folder=talentgram/applications/c3e9b023-e6bb-4e08-9952-2ce252d59167 pid=2b842b07-b144-4ce8-9089-fd27fdcccef5): General Error
FAILED:  [applications/c3e9b023-e6bb-4e08-9952-2ce252d59167/2b842b07-b144-4ce8-9089-fd27fdcccef5] → HTTPException: 502: Storage upload failed
2026-04-28 19:44:30,256 - ERROR - Cloudinary upload failed (folder=talentgram/applications/eeb64abe-2c67-4f78-918d-a2c8d26aae54 pid=4691ca86-7c03-4a7b-9ed7-6a4069070185): General Error
2026-04-28 19:44:31,537 - ERROR - Cloudinary upload failed (folder=talentgram/applications/eeb64abe-2c67-4f78-918d-a2c8d26aae54 pid=4691ca86-7c03-4a7b-9ed7-6a4069070185): General Error
2026-04-28 19:44:33,133 - ERROR - Cloudinary upload failed (folder=talentgram/applications/eeb64abe-2c67-4f78-918d-a2c8d26aae54 pid=4691ca86-7c03-4a7b-9ed7-6a4069070185): General Error
FAILED:  [applications/eeb64abe-2c67-4f78-918d-a2c8d26aae54/4691ca86-7c03-4a7b-9ed7-6a4069070185] → HTTPException: 502: Storage upload failed
2026-04-28 19:44:35,390 - ERROR - Cloudinary upload failed (folder=talentgram/applications/eeb64abe-2c67-4f78-918d-a2c8d26aae54 pid=b688bbe1-38a6-4e8c-8554-b9bec32d97e0): General Error
2026-04-28 19:44:36,506 - ERROR - Cloudinary upload failed (folder=talentgram/applications/eeb64abe-2c67-4f78-918d-a2c8d26aae54 pid=b688bbe1-38a6-4e8c-8554-b9bec32d97e0): General Error
2026-04-28 19:44:38,188 - ERROR - Cloudinary upload failed (folder=talentgram/applications/eeb64abe-2c67-4f78-918d-a2c8d26aae54 pid=b688bbe1-38a6-4e8c-8554-b9bec32d97e0): General Error
FAILED:  [applications/eeb64abe-2c67-4f78-918d-a2c8d26aae54/b688bbe1-38a6-4e8c-8554-b9bec32d97e0] → HTTPException: 502: Storage upload failed
2026-04-28 19:44:40,506 - ERROR - Cloudinary upload failed (folder=talentgram/applications/eeb64abe-2c67-4f78-918d-a2c8d26aae54 pid=d32b6cdd-9abc-4be3-8064-58b794dca423): General Error
2026-04-28 19:44:41,579 - ERROR - Cloudinary upload failed (folder=talentgram/applications/eeb64abe-2c67-4f78-918d-a2c8d26aae54 pid=d32b6cdd-9abc-4be3-8064-58b794dca423): General Error
2026-04-28 19:44:43,399 - ERROR - Cloudinary upload failed (folder=talentgram/applications/eeb64abe-2c67-4f78-918d-a2c8d26aae54 pid=d32b6cdd-9abc-4be3-8064-58b794dca423): General Error
FAILED:  [applications/eeb64abe-2c67-4f78-918d-a2c8d26aae54/d32b6cdd-9abc-4be3-8064-58b794dca423] → HTTPException: 502: Storage upload failed
2026-04-28 19:44:45,619 - ERROR - Cloudinary upload failed (folder=talentgram/applications/eeb64abe-2c67-4f78-918d-a2c8d26aae54 pid=64e48783-6977-49a7-9064-dfe3a83e5137): General Error
2026-04-28 19:44:46,934 - ERROR - Cloudinary upload failed (folder=talentgram/applications/eeb64abe-2c67-4f78-918d-a2c8d26aae54 pid=64e48783-6977-49a7-9064-dfe3a83e5137): General Error
2026-04-28 19:44:48,584 - ERROR - Cloudinary upload failed (folder=talentgram/applications/eeb64abe-2c67-4f78-918d-a2c8d26aae54 pid=64e48783-6977-49a7-9064-dfe3a83e5137): General Error
FAILED:  [applications/eeb64abe-2c67-4f78-918d-a2c8d26aae54/64e48783-6977-49a7-9064-dfe3a83e5137] → HTTPException: 502: Storage upload failed
2026-04-28 19:44:51,045 - ERROR - Cloudinary upload failed (folder=talentgram/applications/eeb64abe-2c67-4f78-918d-a2c8d26aae54 pid=cae2c0d9-bde2-42aa-99ff-7698f8f4df1e): General Error
2026-04-28 19:44:52,402 - ERROR - Cloudinary upload failed (folder=talentgram/applications/eeb64abe-2c67-4f78-918d-a2c8d26aae54 pid=cae2c0d9-bde2-42aa-99ff-7698f8f4df1e): General Error
2026-04-28 19:44:54,018 - ERROR - Cloudinary upload failed (folder=talentgram/applications/eeb64abe-2c67-4f78-918d-a2c8d26aae54 pid=cae2c0d9-bde2-42aa-99ff-7698f8f4df1e): General Error
FAILED:  [applications/eeb64abe-2c67-4f78-918d-a2c8d26aae54/cae2c0d9-bde2-42aa-99ff-7698f8f4df1e] → HTTPException: 502: Storage upload failed
2026-04-28 19:44:56,244 - ERROR - Cloudinary upload failed (folder=talentgram/applications/eeb64abe-2c67-4f78-918d-a2c8d26aae54 pid=ac63ade8-dc8f-4db4-99e4-a58faf320e55): General Error
2026-04-28 19:44:57,275 - ERROR - Cloudinary upload failed (folder=talentgram/applications/eeb64abe-2c67-4f78-918d-a2c8d26aae54 pid=ac63ade8-dc8f-4db4-99e4-a58faf320e55): General Error
2026-04-28 19:44:58,918 - ERROR - Cloudinary upload failed (folder=talentgram/applications/eeb64abe-2c67-4f78-918d-a2c8d26aae54 pid=ac63ade8-dc8f-4db4-99e4-a58faf320e55): General Error
FAILED:  [applications/eeb64abe-2c67-4f78-918d-a2c8d26aae54/ac63ade8-dc8f-4db4-99e4-a58faf320e55] → HTTPException: 502: Storage upload failed
2026-04-28 19:45:01,143 - ERROR - Cloudinary upload failed (folder=talentgram/applications/eeb64abe-2c67-4f78-918d-a2c8d26aae54 pid=04f29475-89cb-4dd7-a16b-230673930d77): General Error
2026-04-28 19:45:02,217 - ERROR - Cloudinary upload failed (folder=talentgram/applications/eeb64abe-2c67-4f78-918d-a2c8d26aae54 pid=04f29475-89cb-4dd7-a16b-230673930d77): General Error
2026-04-28 19:45:03,925 - ERROR - Cloudinary upload failed (folder=talentgram/applications/eeb64abe-2c67-4f78-918d-a2c8d26aae54 pid=04f29475-89cb-4dd7-a16b-230673930d77): General Error
FAILED:  [applications/eeb64abe-2c67-4f78-918d-a2c8d26aae54/04f29475-89cb-4dd7-a16b-230673930d77] → HTTPException: 502: Storage upload failed
2026-04-28 19:45:06,210 - ERROR - Cloudinary upload failed (folder=talentgram/applications/eeb64abe-2c67-4f78-918d-a2c8d26aae54 pid=223ec9cd-9d88-4843-b7f5-aa4d0ed09d0b): General Error
2026-04-28 19:45:07,886 - ERROR - Cloudinary upload failed (folder=talentgram/applications/eeb64abe-2c67-4f78-918d-a2c8d26aae54 pid=223ec9cd-9d88-4843-b7f5-aa4d0ed09d0b): General Error
2026-04-28 19:45:09,545 - ERROR - Cloudinary upload failed (folder=talentgram/applications/eeb64abe-2c67-4f78-918d-a2c8d26aae54 pid=223ec9cd-9d88-4843-b7f5-aa4d0ed09d0b): General Error
FAILED:  [applications/eeb64abe-2c67-4f78-918d-a2c8d26aae54/223ec9cd-9d88-4843-b7f5-aa4d0ed09d0b] → HTTPException: 502: Storage upload failed
2026-04-28 19:45:11,797 - ERROR - Cloudinary upload failed (folder=talentgram/applications/eeb64abe-2c67-4f78-918d-a2c8d26aae54 pid=85c0beb9-ac6f-4a04-9517-1fa5d5055837): General Error
2026-04-28 19:45:12,890 - ERROR - Cloudinary upload failed (folder=talentgram/applications/eeb64abe-2c67-4f78-918d-a2c8d26aae54 pid=85c0beb9-ac6f-4a04-9517-1fa5d5055837): General Error
2026-04-28 19:45:14,797 - ERROR - Cloudinary upload failed (folder=talentgram/applications/eeb64abe-2c67-4f78-918d-a2c8d26aae54 pid=85c0beb9-ac6f-4a04-9517-1fa5d5055837): General Error
FAILED:  [applications/eeb64abe-2c67-4f78-918d-a2c8d26aae54/85c0beb9-ac6f-4a04-9517-1fa5d5055837] → HTTPException: 502: Storage upload failed
2026-04-28 19:45:17,445 - ERROR - Cloudinary upload failed (folder=talentgram/applications/eeb64abe-2c67-4f78-918d-a2c8d26aae54 pid=3468941a-7ecc-462d-99a3-d2a239bdb7ee): General Error
2026-04-28 19:45:18,550 - ERROR - Cloudinary upload failed (folder=talentgram/applications/eeb64abe-2c67-4f78-918d-a2c8d26aae54 pid=3468941a-7ecc-462d-99a3-d2a239bdb7ee): General Error
2026-04-28 19:45:20,175 - ERROR - Cloudinary upload failed (folder=talentgram/applications/eeb64abe-2c67-4f78-918d-a2c8d26aae54 pid=3468941a-7ecc-462d-99a3-d2a239bdb7ee): General Error
FAILED:  [applications/eeb64abe-2c67-4f78-918d-a2c8d26aae54/3468941a-7ecc-462d-99a3-d2a239bdb7ee] → HTTPException: 502: Storage upload failed
2026-04-28 19:45:22,490 - ERROR - Cloudinary upload failed (folder=talentgram/applications/7c0f1829-248d-45e3-b64f-d720e5d02a01 pid=a70fca7c-7a81-461f-970f-818772a0475f): General Error
2026-04-28 19:45:23,531 - ERROR - Cloudinary upload failed (folder=talentgram/applications/7c0f1829-248d-45e3-b64f-d720e5d02a01 pid=a70fca7c-7a81-461f-970f-818772a0475f): General Error
2026-04-28 19:45:25,716 - ERROR - Cloudinary upload failed (folder=talentgram/applications/7c0f1829-248d-45e3-b64f-d720e5d02a01 pid=a70fca7c-7a81-461f-970f-818772a0475f): General Error
FAILED:  [applications/7c0f1829-248d-45e3-b64f-d720e5d02a01/a70fca7c-7a81-461f-970f-818772a0475f] → HTTPException: 502: Storage upload failed
2026-04-28 19:45:28,121 - ERROR - Cloudinary upload failed (folder=talentgram/applications/7c0f1829-248d-45e3-b64f-d720e5d02a01 pid=0958d406-905d-4a02-9748-c32f8e4f7ba5): General Error
2026-04-28 19:45:29,361 - ERROR - Cloudinary upload failed (folder=talentgram/applications/7c0f1829-248d-45e3-b64f-d720e5d02a01 pid=0958d406-905d-4a02-9748-c32f8e4f7ba5): General Error
2026-04-28 19:45:31,044 - ERROR - Cloudinary upload failed (folder=talentgram/applications/7c0f1829-248d-45e3-b64f-d720e5d02a01 pid=0958d406-905d-4a02-9748-c32f8e4f7ba5): General Error
FAILED:  [applications/7c0f1829-248d-45e3-b64f-d720e5d02a01/0958d406-905d-4a02-9748-c32f8e4f7ba5] → HTTPException: 502: Storage upload failed
2026-04-28 19:45:33,401 - ERROR - Cloudinary upload failed (folder=talentgram/applications/7c0f1829-248d-45e3-b64f-d720e5d02a01 pid=e21e483e-ad4f-4424-9cbb-186353078c03): General Error
2026-04-28 19:45:34,420 - ERROR - Cloudinary upload failed (folder=talentgram/applications/7c0f1829-248d-45e3-b64f-d720e5d02a01 pid=e21e483e-ad4f-4424-9cbb-186353078c03): General Error
2026-04-28 19:45:36,008 - ERROR - Cloudinary upload failed (folder=talentgram/applications/7c0f1829-248d-45e3-b64f-d720e5d02a01 pid=e21e483e-ad4f-4424-9cbb-186353078c03): General Error
FAILED:  [applications/7c0f1829-248d-45e3-b64f-d720e5d02a01/e21e483e-ad4f-4424-9cbb-186353078c03] → HTTPException: 502: Storage upload failed
2026-04-28 19:45:38,270 - ERROR - Cloudinary upload failed (folder=talentgram/applications/7c0f1829-248d-45e3-b64f-d720e5d02a01 pid=7ede98a7-3d5b-4589-bf2d-9e26412275e4): General Error
2026-04-28 19:45:39,404 - ERROR - Cloudinary upload failed (folder=talentgram/applications/7c0f1829-248d-45e3-b64f-d720e5d02a01 pid=7ede98a7-3d5b-4589-bf2d-9e26412275e4): General Error
2026-04-28 19:45:41,023 - ERROR - Cloudinary upload failed (folder=talentgram/applications/7c0f1829-248d-45e3-b64f-d720e5d02a01 pid=7ede98a7-3d5b-4589-bf2d-9e26412275e4): General Error
FAILED:  [applications/7c0f1829-248d-45e3-b64f-d720e5d02a01/7ede98a7-3d5b-4589-bf2d-9e26412275e4] → HTTPException: 502: Storage upload failed
2026-04-28 19:45:43,390 - ERROR - Cloudinary upload failed (folder=talentgram/applications/7c0f1829-248d-45e3-b64f-d720e5d02a01 pid=89ef5c7c-684e-4869-9399-e95b019c9722): General Error
2026-04-28 19:45:44,543 - ERROR - Cloudinary upload failed (folder=talentgram/applications/7c0f1829-248d-45e3-b64f-d720e5d02a01 pid=89ef5c7c-684e-4869-9399-e95b019c9722): General Error
2026-04-28 19:45:46,287 - ERROR - Cloudinary upload failed (folder=talentgram/applications/7c0f1829-248d-45e3-b64f-d720e5d02a01 pid=89ef5c7c-684e-4869-9399-e95b019c9722): General Error
FAILED:  [applications/7c0f1829-248d-45e3-b64f-d720e5d02a01/89ef5c7c-684e-4869-9399-e95b019c9722] → HTTPException: 502: Storage upload failed
2026-04-28 19:45:48,591 - ERROR - Cloudinary upload failed (folder=talentgram/applications/7c0f1829-248d-45e3-b64f-d720e5d02a01 pid=db3b7d0c-2fa4-494f-b910-c4c320f0de3d): General Error
2026-04-28 19:45:49,865 - ERROR - Cloudinary upload failed (folder=talentgram/applications/7c0f1829-248d-45e3-b64f-d720e5d02a01 pid=db3b7d0c-2fa4-494f-b910-c4c320f0de3d): General Error
2026-04-28 19:45:51,576 - ERROR - Cloudinary upload failed (folder=talentgram/applications/7c0f1829-248d-45e3-b64f-d720e5d02a01 pid=db3b7d0c-2fa4-494f-b910-c4c320f0de3d): General Error
FAILED:  [applications/7c0f1829-248d-45e3-b64f-d720e5d02a01/db3b7d0c-2fa4-494f-b910-c4c320f0de3d] → HTTPException: 502: Storage upload failed
2026-04-28 19:45:54,531 - ERROR - Cloudinary upload failed (folder=talentgram/applications/7c0f1829-248d-45e3-b64f-d720e5d02a01 pid=be8283bc-2a50-4a66-b359-36cfbe839bb4): General Error
2026-04-28 19:45:55,538 - ERROR - Cloudinary upload failed (folder=talentgram/applications/7c0f1829-248d-45e3-b64f-d720e5d02a01 pid=be8283bc-2a50-4a66-b359-36cfbe839bb4): General Error
2026-04-28 19:45:57,311 - ERROR - Cloudinary upload failed (folder=talentgram/applications/7c0f1829-248d-45e3-b64f-d720e5d02a01 pid=be8283bc-2a50-4a66-b359-36cfbe839bb4): General Error
FAILED:  [applications/7c0f1829-248d-45e3-b64f-d720e5d02a01/be8283bc-2a50-4a66-b359-36cfbe839bb4] → HTTPException: 502: Storage upload failed
2026-04-28 19:45:59,602 - ERROR - Cloudinary upload failed (folder=talentgram/applications/7c0f1829-248d-45e3-b64f-d720e5d02a01 pid=fa02a96d-156e-4ee9-9654-deaef280f4fe): General Error
2026-04-28 19:46:00,767 - ERROR - Cloudinary upload failed (folder=talentgram/applications/7c0f1829-248d-45e3-b64f-d720e5d02a01 pid=fa02a96d-156e-4ee9-9654-deaef280f4fe): General Error
2026-04-28 19:46:02,389 - ERROR - Cloudinary upload failed (folder=talentgram/applications/7c0f1829-248d-45e3-b64f-d720e5d02a01 pid=fa02a96d-156e-4ee9-9654-deaef280f4fe): General Error
FAILED:  [applications/7c0f1829-248d-45e3-b64f-d720e5d02a01/fa02a96d-156e-4ee9-9654-deaef280f4fe] → HTTPException: 502: Storage upload failed
2026-04-28 19:46:04,647 - ERROR - Cloudinary upload failed (folder=talentgram/applications/7c0f1829-248d-45e3-b64f-d720e5d02a01 pid=7cf93150-c7ea-4e22-9590-4fd33ac99a8a): General Error
2026-04-28 19:46:05,724 - ERROR - Cloudinary upload failed (folder=talentgram/applications/7c0f1829-248d-45e3-b64f-d720e5d02a01 pid=7cf93150-c7ea-4e22-9590-4fd33ac99a8a): General Error
2026-04-28 19:46:07,448 - ERROR - Cloudinary upload failed (folder=talentgram/applications/7c0f1829-248d-45e3-b64f-d720e5d02a01 pid=7cf93150-c7ea-4e22-9590-4fd33ac99a8a): General Error
FAILED:  [applications/7c0f1829-248d-45e3-b64f-d720e5d02a01/7cf93150-c7ea-4e22-9590-4fd33ac99a8a] → HTTPException: 502: Storage upload failed
2026-04-28 19:46:09,863 - ERROR - Cloudinary upload failed (folder=talentgram/applications/7c0f1829-248d-45e3-b64f-d720e5d02a01 pid=0ec6e61f-e961-4304-b035-f0a0e5cf2763): General Error
2026-04-28 19:46:11,008 - ERROR - Cloudinary upload failed (folder=talentgram/applications/7c0f1829-248d-45e3-b64f-d720e5d02a01 pid=0ec6e61f-e961-4304-b035-f0a0e5cf2763): General Error
2026-04-28 19:46:12,645 - ERROR - Cloudinary upload failed (folder=talentgram/applications/7c0f1829-248d-45e3-b64f-d720e5d02a01 pid=0ec6e61f-e961-4304-b035-f0a0e5cf2763): General Error
FAILED:  [applications/7c0f1829-248d-45e3-b64f-d720e5d02a01/0ec6e61f-e961-4304-b035-f0a0e5cf2763] → HTTPException: 502: Storage upload failed
2026-04-28 19:46:14,998 - ERROR - Cloudinary upload failed (folder=talentgram/applications/7c0f1829-248d-45e3-b64f-d720e5d02a01 pid=24aaad02-c528-45db-9d74-52344fb77cc3): General Error
2026-04-28 19:46:16,257 - ERROR - Cloudinary upload failed (folder=talentgram/applications/7c0f1829-248d-45e3-b64f-d720e5d02a01 pid=24aaad02-c528-45db-9d74-52344fb77cc3): General Error
2026-04-28 19:46:18,285 - ERROR - Cloudinary upload failed (folder=talentgram/applications/7c0f1829-248d-45e3-b64f-d720e5d02a01 pid=24aaad02-c528-45db-9d74-52344fb77cc3): General Error
FAILED:  [applications/7c0f1829-248d-45e3-b64f-d720e5d02a01/24aaad02-c528-45db-9d74-52344fb77cc3] → HTTPException: 502: Storage upload failed
2026-04-28 19:46:20,585 - ERROR - Cloudinary upload failed (folder=talentgram/applications/7c0f1829-248d-45e3-b64f-d720e5d02a01 pid=06df5253-e5f4-49d2-93cd-afcadb1fb7f9): General Error
2026-04-28 19:46:21,924 - ERROR - Cloudinary upload failed (folder=talentgram/applications/7c0f1829-248d-45e3-b64f-d720e5d02a01 pid=06df5253-e5f4-49d2-93cd-afcadb1fb7f9): General Error
2026-04-28 19:46:23,567 - ERROR - Cloudinary upload failed (folder=talentgram/applications/7c0f1829-248d-45e3-b64f-d720e5d02a01 pid=06df5253-e5f4-49d2-93cd-afcadb1fb7f9): General Error
FAILED:  [applications/7c0f1829-248d-45e3-b64f-d720e5d02a01/06df5253-e5f4-49d2-93cd-afcadb1fb7f9] → HTTPException: 502: Storage upload failed
2026-04-28 19:46:25,825 - ERROR - Cloudinary upload failed (folder=talentgram/applications/7c0f1829-248d-45e3-b64f-d720e5d02a01 pid=db941892-6604-4f07-94c8-21c1ee8accb9): General Error
2026-04-28 19:46:26,869 - ERROR - Cloudinary upload failed (folder=talentgram/applications/7c0f1829-248d-45e3-b64f-d720e5d02a01 pid=db941892-6604-4f07-94c8-21c1ee8accb9): General Error
2026-04-28 19:46:28,555 - ERROR - Cloudinary upload failed (folder=talentgram/applications/7c0f1829-248d-45e3-b64f-d720e5d02a01 pid=db941892-6604-4f07-94c8-21c1ee8accb9): General Error
FAILED:  [applications/7c0f1829-248d-45e3-b64f-d720e5d02a01/db941892-6604-4f07-94c8-21c1ee8accb9] → HTTPException: 502: Storage upload failed
2026-04-28 19:46:30,758 - ERROR - Cloudinary upload failed (folder=talentgram/applications/7c0f1829-248d-45e3-b64f-d720e5d02a01 pid=d1de9bb5-66c0-4e69-b050-a350c29eedfe): General Error
2026-04-28 19:46:31,967 - ERROR - Cloudinary upload failed (folder=talentgram/applications/7c0f1829-248d-45e3-b64f-d720e5d02a01 pid=d1de9bb5-66c0-4e69-b050-a350c29eedfe): General Error
2026-04-28 19:46:33,569 - ERROR - Cloudinary upload failed (folder=talentgram/applications/7c0f1829-248d-45e3-b64f-d720e5d02a01 pid=d1de9bb5-66c0-4e69-b050-a350c29eedfe): General Error
FAILED:  [applications/7c0f1829-248d-45e3-b64f-d720e5d02a01/d1de9bb5-66c0-4e69-b050-a350c29eedfe] → HTTPException: 502: Storage upload failed
2026-04-28 19:46:35,843 - ERROR - Cloudinary upload failed (folder=talentgram/applications/7c0f1829-248d-45e3-b64f-d720e5d02a01 pid=a688c2b3-4008-4b42-a1fe-b2adeea5fcf0): General Error
2026-04-28 19:46:36,864 - ERROR - Cloudinary upload failed (folder=talentgram/applications/7c0f1829-248d-45e3-b64f-d720e5d02a01 pid=a688c2b3-4008-4b42-a1fe-b2adeea5fcf0): General Error
2026-04-28 19:46:38,677 - ERROR - Cloudinary upload failed (folder=talentgram/applications/7c0f1829-248d-45e3-b64f-d720e5d02a01 pid=a688c2b3-4008-4b42-a1fe-b2adeea5fcf0): General Error
FAILED:  [applications/7c0f1829-248d-45e3-b64f-d720e5d02a01/a688c2b3-4008-4b42-a1fe-b2adeea5fcf0] → HTTPException: 502: Storage upload failed
2026-04-28 19:46:41,160 - ERROR - Cloudinary upload failed (folder=talentgram/applications/7c0f1829-248d-45e3-b64f-d720e5d02a01 pid=556f98a5-b757-416a-85dd-78c80d49a6c6): General Error
2026-04-28 19:46:43,831 - ERROR - Cloudinary upload failed (folder=talentgram/applications/7c0f1829-248d-45e3-b64f-d720e5d02a01 pid=556f98a5-b757-416a-85dd-78c80d49a6c6): General Error
2026-04-28 19:46:45,721 - ERROR - Cloudinary upload failed (folder=talentgram/applications/7c0f1829-248d-45e3-b64f-d720e5d02a01 pid=556f98a5-b757-416a-85dd-78c80d49a6c6): General Error
FAILED:  [applications/7c0f1829-248d-45e3-b64f-d720e5d02a01/556f98a5-b757-416a-85dd-78c80d49a6c6] → HTTPException: 502: Storage upload failed
2026-04-28 19:46:48,073 - ERROR - Cloudinary upload failed (folder=talentgram/applications/7c0f1829-248d-45e3-b64f-d720e5d02a01 pid=c996ff85-b5f5-4492-95e1-eb0796ea3ddf): General Error
2026-04-28 19:46:49,419 - ERROR - Cloudinary upload failed (folder=talentgram/applications/7c0f1829-248d-45e3-b64f-d720e5d02a01 pid=c996ff85-b5f5-4492-95e1-eb0796ea3ddf): General Error
2026-04-28 19:46:51,238 - ERROR - Cloudinary upload failed (folder=talentgram/applications/7c0f1829-248d-45e3-b64f-d720e5d02a01 pid=c996ff85-b5f5-4492-95e1-eb0796ea3ddf): General Error
FAILED:  [applications/7c0f1829-248d-45e3-b64f-d720e5d02a01/c996ff85-b5f5-4492-95e1-eb0796ea3ddf] → HTTPException: 502: Storage upload failed
2026-04-28 19:46:53,512 - ERROR - Cloudinary upload failed (folder=talentgram/applications/7c0f1829-248d-45e3-b64f-d720e5d02a01 pid=61211485-4b7a-4140-ab81-0d7061600764): General Error
2026-04-28 19:46:54,628 - ERROR - Cloudinary upload failed (folder=talentgram/applications/7c0f1829-248d-45e3-b64f-d720e5d02a01 pid=61211485-4b7a-4140-ab81-0d7061600764): General Error
2026-04-28 19:46:56,349 - ERROR - Cloudinary upload failed (folder=talentgram/applications/7c0f1829-248d-45e3-b64f-d720e5d02a01 pid=61211485-4b7a-4140-ab81-0d7061600764): General Error
FAILED:  [applications/7c0f1829-248d-45e3-b64f-d720e5d02a01/61211485-4b7a-4140-ab81-0d7061600764] → HTTPException: 502: Storage upload failed
2026-04-28 19:46:58,666 - ERROR - Cloudinary upload failed (folder=talentgram/applications/7c0f1829-248d-45e3-b64f-d720e5d02a01 pid=da978ad2-28d9-4e0d-bc3b-e4746284ee58): General Error
2026-04-28 19:46:59,704 - ERROR - Cloudinary upload failed (folder=talentgram/applications/7c0f1829-248d-45e3-b64f-d720e5d02a01 pid=da978ad2-28d9-4e0d-bc3b-e4746284ee58): General Error
2026-04-28 19:47:01,353 - ERROR - Cloudinary upload failed (folder=talentgram/applications/7c0f1829-248d-45e3-b64f-d720e5d02a01 pid=da978ad2-28d9-4e0d-bc3b-e4746284ee58): General Error
FAILED:  [applications/7c0f1829-248d-45e3-b64f-d720e5d02a01/da978ad2-28d9-4e0d-bc3b-e4746284ee58] → HTTPException: 502: Storage upload failed
2026-04-28 19:47:03,615 - ERROR - Cloudinary upload failed (folder=talentgram/applications/7c0f1829-248d-45e3-b64f-d720e5d02a01 pid=3beaad4a-b169-45d8-89ef-589410cd11d0): General Error
2026-04-28 19:47:04,722 - ERROR - Cloudinary upload failed (folder=talentgram/applications/7c0f1829-248d-45e3-b64f-d720e5d02a01 pid=3beaad4a-b169-45d8-89ef-589410cd11d0): General Error
2026-04-28 19:47:06,496 - ERROR - Cloudinary upload failed (folder=talentgram/applications/7c0f1829-248d-45e3-b64f-d720e5d02a01 pid=3beaad4a-b169-45d8-89ef-589410cd11d0): General Error
FAILED:  [applications/7c0f1829-248d-45e3-b64f-d720e5d02a01/3beaad4a-b169-45d8-89ef-589410cd11d0] → HTTPException: 502: Storage upload failed
2026-04-28 19:47:08,832 - ERROR - Cloudinary upload failed (folder=talentgram/applications/7c0f1829-248d-45e3-b64f-d720e5d02a01 pid=84b4696d-1ac4-4e7f-a0d8-ff9adf9b1fcb): General Error
2026-04-28 19:47:10,617 - ERROR - Cloudinary upload failed (folder=talentgram/applications/7c0f1829-248d-45e3-b64f-d720e5d02a01 pid=84b4696d-1ac4-4e7f-a0d8-ff9adf9b1fcb): General Error
2026-04-28 19:47:12,593 - ERROR - Cloudinary upload failed (folder=talentgram/applications/7c0f1829-248d-45e3-b64f-d720e5d02a01 pid=84b4696d-1ac4-4e7f-a0d8-ff9adf9b1fcb): General Error
FAILED:  [applications/7c0f1829-248d-45e3-b64f-d720e5d02a01/84b4696d-1ac4-4e7f-a0d8-ff9adf9b1fcb] → HTTPException: 502: Storage upload failed
2026-04-28 19:47:15,299 - ERROR - Cloudinary upload failed (folder=talentgram/applications/7c0f1829-248d-45e3-b64f-d720e5d02a01 pid=bdb6b0ee-b80d-4a6b-8c7a-d95164a0f033): General Error
2026-04-28 19:47:16,343 - ERROR - Cloudinary upload failed (folder=talentgram/applications/7c0f1829-248d-45e3-b64f-d720e5d02a01 pid=bdb6b0ee-b80d-4a6b-8c7a-d95164a0f033): General Error
2026-04-28 19:47:18,835 - ERROR - Cloudinary upload failed (folder=talentgram/applications/7c0f1829-248d-45e3-b64f-d720e5d02a01 pid=bdb6b0ee-b80d-4a6b-8c7a-d95164a0f033): General Error
FAILED:  [applications/7c0f1829-248d-45e3-b64f-d720e5d02a01/bdb6b0ee-b80d-4a6b-8c7a-d95164a0f033] → HTTPException: 502: Storage upload failed
2026-04-28 19:47:21,781 - ERROR - Cloudinary upload failed (folder=talentgram/applications/7c0f1829-248d-45e3-b64f-d720e5d02a01 pid=436c8f10-64c8-4aa8-abcd-2a16c7dbbc21): General Error
2026-04-28 19:47:23,005 - ERROR - Cloudinary upload failed (folder=talentgram/applications/7c0f1829-248d-45e3-b64f-d720e5d02a01 pid=436c8f10-64c8-4aa8-abcd-2a16c7dbbc21): General Error
2026-04-28 19:47:24,770 - ERROR - Cloudinary upload failed (folder=talentgram/applications/7c0f1829-248d-45e3-b64f-d720e5d02a01 pid=436c8f10-64c8-4aa8-abcd-2a16c7dbbc21): General Error
FAILED:  [applications/7c0f1829-248d-45e3-b64f-d720e5d02a01/436c8f10-64c8-4aa8-abcd-2a16c7dbbc21] → HTTPException: 502: Storage upload failed
2026-04-28 19:47:27,420 - ERROR - Cloudinary upload failed (folder=talentgram/applications/7c0f1829-248d-45e3-b64f-d720e5d02a01 pid=75181891-4791-457f-be5f-cd8068a67d05): General Error
2026-04-28 19:47:28,746 - ERROR - Cloudinary upload failed (folder=talentgram/applications/7c0f1829-248d-45e3-b64f-d720e5d02a01 pid=75181891-4791-457f-be5f-cd8068a67d05): General Error
2026-04-28 19:47:30,380 - ERROR - Cloudinary upload failed (folder=talentgram/applications/7c0f1829-248d-45e3-b64f-d720e5d02a01 pid=75181891-4791-457f-be5f-cd8068a67d05): General Error
FAILED:  [applications/7c0f1829-248d-45e3-b64f-d720e5d02a01/75181891-4791-457f-be5f-cd8068a67d05] → HTTPException: 502: Storage upload failed
2026-04-28 19:47:32,715 - ERROR - Cloudinary upload failed (folder=talentgram/applications/7c0f1829-248d-45e3-b64f-d720e5d02a01 pid=db4e09ca-c6dc-44f2-ae80-bcde5612abf9): General Error
2026-04-28 19:47:33,870 - ERROR - Cloudinary upload failed (folder=talentgram/applications/7c0f1829-248d-45e3-b64f-d720e5d02a01 pid=db4e09ca-c6dc-44f2-ae80-bcde5612abf9): General Error
2026-04-28 19:47:35,604 - ERROR - Cloudinary upload failed (folder=talentgram/applications/7c0f1829-248d-45e3-b64f-d720e5d02a01 pid=db4e09ca-c6dc-44f2-ae80-bcde5612abf9): General Error
FAILED:  [applications/7c0f1829-248d-45e3-b64f-d720e5d02a01/db4e09ca-c6dc-44f2-ae80-bcde5612abf9] → HTTPException: 502: Storage upload failed
2026-04-28 19:47:37,948 - ERROR - Cloudinary upload failed (folder=talentgram/applications/7c0f1829-248d-45e3-b64f-d720e5d02a01 pid=538edb10-5bba-484e-805d-dcd704bc68d2): General Error
2026-04-28 19:47:39,002 - ERROR - Cloudinary upload failed (folder=talentgram/applications/7c0f1829-248d-45e3-b64f-d720e5d02a01 pid=538edb10-5bba-484e-805d-dcd704bc68d2): General Error
2026-04-28 19:47:40,832 - ERROR - Cloudinary upload failed (folder=talentgram/applications/7c0f1829-248d-45e3-b64f-d720e5d02a01 pid=538edb10-5bba-484e-805d-dcd704bc68d2): General Error
FAILED:  [applications/7c0f1829-248d-45e3-b64f-d720e5d02a01/538edb10-5bba-484e-805d-dcd704bc68d2] → HTTPException: 502: Storage upload failed
2026-04-28 19:47:43,234 - ERROR - Cloudinary upload failed (folder=talentgram/applications/7c0f1829-248d-45e3-b64f-d720e5d02a01 pid=1a32cffe-081a-49f0-bb6b-2a3be989392d): General Error
2026-04-28 19:47:44,742 - ERROR - Cloudinary upload failed (folder=talentgram/applications/7c0f1829-248d-45e3-b64f-d720e5d02a01 pid=1a32cffe-081a-49f0-bb6b-2a3be989392d): General Error
2026-04-28 19:47:46,468 - ERROR - Cloudinary upload failed (folder=talentgram/applications/7c0f1829-248d-45e3-b64f-d720e5d02a01 pid=1a32cffe-081a-49f0-bb6b-2a3be989392d): General Error
FAILED:  [applications/7c0f1829-248d-45e3-b64f-d720e5d02a01/1a32cffe-081a-49f0-bb6b-2a3be989392d] → HTTPException: 502: Storage upload failed
2026-04-28 19:47:49,447 - ERROR - Cloudinary upload failed (folder=talentgram/applications/7c0f1829-248d-45e3-b64f-d720e5d02a01 pid=2cf5865f-fbb2-404b-b30b-b33a03fee8aa): General Error
2026-04-28 19:47:50,617 - ERROR - Cloudinary upload failed (folder=talentgram/applications/7c0f1829-248d-45e3-b64f-d720e5d02a01 pid=2cf5865f-fbb2-404b-b30b-b33a03fee8aa): General Error
2026-04-28 19:47:52,299 - ERROR - Cloudinary upload failed (folder=talentgram/applications/7c0f1829-248d-45e3-b64f-d720e5d02a01 pid=2cf5865f-fbb2-404b-b30b-b33a03fee8aa): General Error
FAILED:  [applications/7c0f1829-248d-45e3-b64f-d720e5d02a01/2cf5865f-fbb2-404b-b30b-b33a03fee8aa] → HTTPException: 502: Storage upload failed
2026-04-28 19:47:54,612 - ERROR - Cloudinary upload failed (folder=talentgram/applications/7c0f1829-248d-45e3-b64f-d720e5d02a01 pid=f7057f74-71fa-409c-973a-2a00667ee10e): General Error
2026-04-28 19:47:56,034 - ERROR - Cloudinary upload failed (folder=talentgram/applications/7c0f1829-248d-45e3-b64f-d720e5d02a01 pid=f7057f74-71fa-409c-973a-2a00667ee10e): General Error
2026-04-28 19:47:57,727 - ERROR - Cloudinary upload failed (folder=talentgram/applications/7c0f1829-248d-45e3-b64f-d720e5d02a01 pid=f7057f74-71fa-409c-973a-2a00667ee10e): General Error
FAILED:  [applications/7c0f1829-248d-45e3-b64f-d720e5d02a01/f7057f74-71fa-409c-973a-2a00667ee10e] → HTTPException: 502: Storage upload failed
2026-04-28 19:47:59,958 - ERROR - Cloudinary upload failed (folder=talentgram/applications/7c0f1829-248d-45e3-b64f-d720e5d02a01 pid=30f0cb3f-b955-4cb6-bbf7-1d455b4b0d86): General Error
2026-04-28 19:48:01,009 - ERROR - Cloudinary upload failed (folder=talentgram/applications/7c0f1829-248d-45e3-b64f-d720e5d02a01 pid=30f0cb3f-b955-4cb6-bbf7-1d455b4b0d86): General Error
2026-04-28 19:48:02,695 - ERROR - Cloudinary upload failed (folder=talentgram/applications/7c0f1829-248d-45e3-b64f-d720e5d02a01 pid=30f0cb3f-b955-4cb6-bbf7-1d455b4b0d86): General Error
FAILED:  [applications/7c0f1829-248d-45e3-b64f-d720e5d02a01/30f0cb3f-b955-4cb6-bbf7-1d455b4b0d86] → HTTPException: 502: Storage upload failed
2026-04-28 19:48:05,358 - ERROR - Cloudinary upload failed (folder=talentgram/applications/6e2eaf06-ab2c-457d-9074-dec0689b3b0a pid=a916c7a5-1129-48c1-b39c-e57286d95e56): General Error
2026-04-28 19:48:06,441 - ERROR - Cloudinary upload failed (folder=talentgram/applications/6e2eaf06-ab2c-457d-9074-dec0689b3b0a pid=a916c7a5-1129-48c1-b39c-e57286d95e56): General Error
2026-04-28 19:48:08,052 - ERROR - Cloudinary upload failed (folder=talentgram/applications/6e2eaf06-ab2c-457d-9074-dec0689b3b0a pid=a916c7a5-1129-48c1-b39c-e57286d95e56): General Error
FAILED:  [applications/6e2eaf06-ab2c-457d-9074-dec0689b3b0a/a916c7a5-1129-48c1-b39c-e57286d95e56] → HTTPException: 502: Storage upload failed
2026-04-28 19:48:10,967 - ERROR - Cloudinary upload failed (folder=talentgram/applications/6e2eaf06-ab2c-457d-9074-dec0689b3b0a pid=d19c23b7-11fc-4539-8eae-2551312ec9e5): General Error
2026-04-28 19:48:12,061 - ERROR - Cloudinary upload failed (folder=talentgram/applications/6e2eaf06-ab2c-457d-9074-dec0689b3b0a pid=d19c23b7-11fc-4539-8eae-2551312ec9e5): General Error
2026-04-28 19:48:13,985 - ERROR - Cloudinary upload failed (folder=talentgram/applications/6e2eaf06-ab2c-457d-9074-dec0689b3b0a pid=d19c23b7-11fc-4539-8eae-2551312ec9e5): General Error
FAILED:  [applications/6e2eaf06-ab2c-457d-9074-dec0689b3b0a/d19c23b7-11fc-4539-8eae-2551312ec9e5] → HTTPException: 502: Storage upload failed
2026-04-28 19:48:16,216 - ERROR - Cloudinary upload failed (folder=talentgram/applications/6e2eaf06-ab2c-457d-9074-dec0689b3b0a pid=615e04d2-087f-4190-8bfa-f99d8d800846): General Error
2026-04-28 19:48:17,611 - ERROR - Cloudinary upload failed (folder=talentgram/applications/6e2eaf06-ab2c-457d-9074-dec0689b3b0a pid=615e04d2-087f-4190-8bfa-f99d8d800846): General Error
2026-04-28 19:48:19,688 - ERROR - Cloudinary upload failed (folder=talentgram/applications/6e2eaf06-ab2c-457d-9074-dec0689b3b0a pid=615e04d2-087f-4190-8bfa-f99d8d800846): General Error
FAILED:  [applications/6e2eaf06-ab2c-457d-9074-dec0689b3b0a/615e04d2-087f-4190-8bfa-f99d8d800846] → HTTPException: 502: Storage upload failed
2026-04-28 19:48:21,876 - ERROR - Cloudinary upload failed (folder=talentgram/applications/6e2eaf06-ab2c-457d-9074-dec0689b3b0a pid=c512e7f7-3272-433a-bb60-9a2c09885207): General Error
2026-04-28 19:48:22,913 - ERROR - Cloudinary upload failed (folder=talentgram/applications/6e2eaf06-ab2c-457d-9074-dec0689b3b0a pid=c512e7f7-3272-433a-bb60-9a2c09885207): General Error
2026-04-28 19:48:24,512 - ERROR - Cloudinary upload failed (folder=talentgram/applications/6e2eaf06-ab2c-457d-9074-dec0689b3b0a pid=c512e7f7-3272-433a-bb60-9a2c09885207): General Error
FAILED:  [applications/6e2eaf06-ab2c-457d-9074-dec0689b3b0a/c512e7f7-3272-433a-bb60-9a2c09885207] → HTTPException: 502: Storage upload failed
2026-04-28 19:48:27,125 - ERROR - Cloudinary upload failed (folder=talentgram/applications/6e2eaf06-ab2c-457d-9074-dec0689b3b0a pid=58d9e0b6-8acd-42e6-8545-165217faca5f): General Error
2026-04-28 19:48:28,160 - ERROR - Cloudinary upload failed (folder=talentgram/applications/6e2eaf06-ab2c-457d-9074-dec0689b3b0a pid=58d9e0b6-8acd-42e6-8545-165217faca5f): General Error
2026-04-28 19:48:29,772 - ERROR - Cloudinary upload failed (folder=talentgram/applications/6e2eaf06-ab2c-457d-9074-dec0689b3b0a pid=58d9e0b6-8acd-42e6-8545-165217faca5f): General Error
FAILED:  [applications/6e2eaf06-ab2c-457d-9074-dec0689b3b0a/58d9e0b6-8acd-42e6-8545-165217faca5f] → HTTPException: 502: Storage upload failed
2026-04-28 19:48:32,049 - ERROR - Cloudinary upload failed (folder=talentgram/applications/6e2eaf06-ab2c-457d-9074-dec0689b3b0a pid=b6b8b63f-094c-4551-8bb3-8ac1b4681a59): General Error
2026-04-28 19:48:33,229 - ERROR - Cloudinary upload failed (folder=talentgram/applications/6e2eaf06-ab2c-457d-9074-dec0689b3b0a pid=b6b8b63f-094c-4551-8bb3-8ac1b4681a59): General Error
2026-04-28 19:48:34,927 - ERROR - Cloudinary upload failed (folder=talentgram/applications/6e2eaf06-ab2c-457d-9074-dec0689b3b0a pid=b6b8b63f-094c-4551-8bb3-8ac1b4681a59): General Error
FAILED:  [applications/6e2eaf06-ab2c-457d-9074-dec0689b3b0a/b6b8b63f-094c-4551-8bb3-8ac1b4681a59] → HTTPException: 502: Storage upload failed
2026-04-28 19:48:37,205 - ERROR - Cloudinary upload failed (folder=talentgram/applications/6e2eaf06-ab2c-457d-9074-dec0689b3b0a pid=cf448971-e719-4c9a-8936-b21b03c522be): General Error
2026-04-28 19:48:38,310 - ERROR - Cloudinary upload failed (folder=talentgram/applications/6e2eaf06-ab2c-457d-9074-dec0689b3b0a pid=cf448971-e719-4c9a-8936-b21b03c522be): General Error
2026-04-28 19:48:40,127 - ERROR - Cloudinary upload failed (folder=talentgram/applications/6e2eaf06-ab2c-457d-9074-dec0689b3b0a pid=cf448971-e719-4c9a-8936-b21b03c522be): General Error
FAILED:  [applications/6e2eaf06-ab2c-457d-9074-dec0689b3b0a/cf448971-e719-4c9a-8936-b21b03c522be] → HTTPException: 502: Storage upload failed
2026-04-28 19:48:43,060 - ERROR - Cloudinary upload failed (folder=talentgram/applications/6e2eaf06-ab2c-457d-9074-dec0689b3b0a pid=859e28d1-e454-463f-a020-8b221086c421): General Error
2026-04-28 19:48:44,565 - ERROR - Cloudinary upload failed (folder=talentgram/applications/6e2eaf06-ab2c-457d-9074-dec0689b3b0a pid=859e28d1-e454-463f-a020-8b221086c421): General Error
2026-04-28 19:48:46,304 - ERROR - Cloudinary upload failed (folder=talentgram/applications/6e2eaf06-ab2c-457d-9074-dec0689b3b0a pid=859e28d1-e454-463f-a020-8b221086c421): General Error
FAILED:  [applications/6e2eaf06-ab2c-457d-9074-dec0689b3b0a/859e28d1-e454-463f-a020-8b221086c421] → HTTPException: 502: Storage upload failed
2026-04-28 19:48:48,611 - ERROR - Cloudinary upload failed (folder=talentgram/applications/6e2eaf06-ab2c-457d-9074-dec0689b3b0a pid=3351d6a4-011d-4fc7-86dc-fd69c3dc11d9): General Error
2026-04-28 19:48:50,607 - ERROR - Cloudinary upload failed (folder=talentgram/applications/6e2eaf06-ab2c-457d-9074-dec0689b3b0a pid=3351d6a4-011d-4fc7-86dc-fd69c3dc11d9): General Error
2026-04-28 19:48:52,267 - ERROR - Cloudinary upload failed (folder=talentgram/applications/6e2eaf06-ab2c-457d-9074-dec0689b3b0a pid=3351d6a4-011d-4fc7-86dc-fd69c3dc11d9): General Error
FAILED:  [applications/6e2eaf06-ab2c-457d-9074-dec0689b3b0a/3351d6a4-011d-4fc7-86dc-fd69c3dc11d9] → HTTPException: 502: Storage upload failed
2026-04-28 19:48:54,447 - ERROR - Cloudinary upload failed (folder=talentgram/applications/6e2eaf06-ab2c-457d-9074-dec0689b3b0a pid=13e203db-109f-4d27-a906-6537dfda500d): General Error
2026-04-28 19:48:55,706 - ERROR - Cloudinary upload failed (folder=talentgram/applications/6e2eaf06-ab2c-457d-9074-dec0689b3b0a pid=13e203db-109f-4d27-a906-6537dfda500d): General Error
2026-04-28 19:48:57,421 - ERROR - Cloudinary upload failed (folder=talentgram/applications/6e2eaf06-ab2c-457d-9074-dec0689b3b0a pid=13e203db-109f-4d27-a906-6537dfda500d): General Error
FAILED:  [applications/6e2eaf06-ab2c-457d-9074-dec0689b3b0a/13e203db-109f-4d27-a906-6537dfda500d] → HTTPException: 502: Storage upload failed
2026-04-28 19:48:59,654 - ERROR - Cloudinary upload failed (folder=talentgram/applications/3b0da179-6a92-44fe-8f2c-27fe00d38adf pid=6f3a560c-bc27-487e-b596-c455d65aaef9): General Error
2026-04-28 19:49:00,707 - ERROR - Cloudinary upload failed (folder=talentgram/applications/3b0da179-6a92-44fe-8f2c-27fe00d38adf pid=6f3a560c-bc27-487e-b596-c455d65aaef9): General Error
2026-04-28 19:49:02,378 - ERROR - Cloudinary upload failed (folder=talentgram/applications/3b0da179-6a92-44fe-8f2c-27fe00d38adf pid=6f3a560c-bc27-487e-b596-c455d65aaef9): General Error
FAILED:  [applications/3b0da179-6a92-44fe-8f2c-27fe00d38adf/6f3a560c-bc27-487e-b596-c455d65aaef9] → HTTPException: 502: Storage upload failed
2026-04-28 19:49:04,636 - ERROR - Cloudinary upload failed (folder=talentgram/applications/3b0da179-6a92-44fe-8f2c-27fe00d38adf pid=d45294e8-5382-42ff-bab0-799786890dfc): General Error
2026-04-28 19:49:05,708 - ERROR - Cloudinary upload failed (folder=talentgram/applications/3b0da179-6a92-44fe-8f2c-27fe00d38adf pid=d45294e8-5382-42ff-bab0-799786890dfc): General Error
2026-04-28 19:49:07,400 - ERROR - Cloudinary upload failed (folder=talentgram/applications/3b0da179-6a92-44fe-8f2c-27fe00d38adf pid=d45294e8-5382-42ff-bab0-799786890dfc): General Error
FAILED:  [applications/3b0da179-6a92-44fe-8f2c-27fe00d38adf/d45294e8-5382-42ff-bab0-799786890dfc] → HTTPException: 502: Storage upload failed
2026-04-28 19:49:09,912 - ERROR - Cloudinary upload failed (folder=talentgram/applications/3b0da179-6a92-44fe-8f2c-27fe00d38adf pid=d3056fe8-7a92-4e78-83cc-047c865461f9): General Error
2026-04-28 19:49:10,955 - ERROR - Cloudinary upload failed (folder=talentgram/applications/3b0da179-6a92-44fe-8f2c-27fe00d38adf pid=d3056fe8-7a92-4e78-83cc-047c865461f9): General Error
2026-04-28 19:49:12,939 - ERROR - Cloudinary upload failed (folder=talentgram/applications/3b0da179-6a92-44fe-8f2c-27fe00d38adf pid=d3056fe8-7a92-4e78-83cc-047c865461f9): General Error
FAILED:  [applications/3b0da179-6a92-44fe-8f2c-27fe00d38adf/d3056fe8-7a92-4e78-83cc-047c865461f9] → HTTPException: 502: Storage upload failed
2026-04-28 19:49:15,302 - ERROR - Cloudinary upload failed (folder=talentgram/applications/3b0da179-6a92-44fe-8f2c-27fe00d38adf pid=2bc66b6f-ce28-4bca-affd-37f8bde10780): General Error
2026-04-28 19:49:16,473 - ERROR - Cloudinary upload failed (folder=talentgram/applications/3b0da179-6a92-44fe-8f2c-27fe00d38adf pid=2bc66b6f-ce28-4bca-affd-37f8bde10780): General Error
2026-04-28 19:49:18,433 - ERROR - Cloudinary upload failed (folder=talentgram/applications/3b0da179-6a92-44fe-8f2c-27fe00d38adf pid=2bc66b6f-ce28-4bca-affd-37f8bde10780): General Error
FAILED:  [applications/3b0da179-6a92-44fe-8f2c-27fe00d38adf/2bc66b6f-ce28-4bca-affd-37f8bde10780] → HTTPException: 502: Storage upload failed
2026-04-28 19:49:21,067 - ERROR - Cloudinary upload failed (folder=talentgram/applications/3b0da179-6a92-44fe-8f2c-27fe00d38adf pid=0e0d51ae-e5e5-49ac-90c3-4f147f253192): General Error
2026-04-28 19:49:22,109 - ERROR - Cloudinary upload failed (folder=talentgram/applications/3b0da179-6a92-44fe-8f2c-27fe00d38adf pid=0e0d51ae-e5e5-49ac-90c3-4f147f253192): General Error
2026-04-28 19:49:23,804 - ERROR - Cloudinary upload failed (folder=talentgram/applications/3b0da179-6a92-44fe-8f2c-27fe00d38adf pid=0e0d51ae-e5e5-49ac-90c3-4f147f253192): General Error
FAILED:  [applications/3b0da179-6a92-44fe-8f2c-27fe00d38adf/0e0d51ae-e5e5-49ac-90c3-4f147f253192] → HTTPException: 502: Storage upload failed
2026-04-28 19:49:26,047 - ERROR - Cloudinary upload failed (folder=talentgram/applications/3b0da179-6a92-44fe-8f2c-27fe00d38adf pid=39f62cde-c584-4a01-b961-ff02e20599f2): General Error
2026-04-28 19:49:27,091 - ERROR - Cloudinary upload failed (folder=talentgram/applications/3b0da179-6a92-44fe-8f2c-27fe00d38adf pid=39f62cde-c584-4a01-b961-ff02e20599f2): General Error
2026-04-28 19:49:28,884 - ERROR - Cloudinary upload failed (folder=talentgram/applications/3b0da179-6a92-44fe-8f2c-27fe00d38adf pid=39f62cde-c584-4a01-b961-ff02e20599f2): General Error
FAILED:  [applications/3b0da179-6a92-44fe-8f2c-27fe00d38adf/39f62cde-c584-4a01-b961-ff02e20599f2] → HTTPException: 502: Storage upload failed
2026-04-28 19:49:31,140 - ERROR - Cloudinary upload failed (folder=talentgram/applications/3b0da179-6a92-44fe-8f2c-27fe00d38adf pid=c1ee0317-43cf-4d0e-a400-9a3ecebd4ba4): General Error
2026-04-28 19:49:32,254 - ERROR - Cloudinary upload failed (folder=talentgram/applications/3b0da179-6a92-44fe-8f2c-27fe00d38adf pid=c1ee0317-43cf-4d0e-a400-9a3ecebd4ba4): General Error
2026-04-28 19:49:33,871 - ERROR - Cloudinary upload failed (folder=talentgram/applications/3b0da179-6a92-44fe-8f2c-27fe00d38adf pid=c1ee0317-43cf-4d0e-a400-9a3ecebd4ba4): General Error
FAILED:  [applications/3b0da179-6a92-44fe-8f2c-27fe00d38adf/c1ee0317-43cf-4d0e-a400-9a3ecebd4ba4] → HTTPException: 502: Storage upload failed
2026-04-28 19:49:36,169 - ERROR - Cloudinary upload failed (folder=talentgram/applications/3b0da179-6a92-44fe-8f2c-27fe00d38adf pid=d37ed385-4ace-453c-a9ea-963559d7ee27): General Error
2026-04-28 19:49:37,255 - ERROR - Cloudinary upload failed (folder=talentgram/applications/3b0da179-6a92-44fe-8f2c-27fe00d38adf pid=d37ed385-4ace-453c-a9ea-963559d7ee27): General Error
2026-04-28 19:49:38,885 - ERROR - Cloudinary upload failed (folder=talentgram/applications/3b0da179-6a92-44fe-8f2c-27fe00d38adf pid=d37ed385-4ace-453c-a9ea-963559d7ee27): General Error
FAILED:  [applications/3b0da179-6a92-44fe-8f2c-27fe00d38adf/d37ed385-4ace-453c-a9ea-963559d7ee27] → HTTPException: 502: Storage upload failed
2026-04-28 19:49:41,319 - ERROR - Cloudinary upload failed (folder=talentgram/applications/3b0da179-6a92-44fe-8f2c-27fe00d38adf pid=51632753-959a-443a-8d0a-4c40de5d80d5): General Error
2026-04-28 19:49:42,358 - ERROR - Cloudinary upload failed (folder=talentgram/applications/3b0da179-6a92-44fe-8f2c-27fe00d38adf pid=51632753-959a-443a-8d0a-4c40de5d80d5): General Error
2026-04-28 19:49:44,240 - ERROR - Cloudinary upload failed (folder=talentgram/applications/3b0da179-6a92-44fe-8f2c-27fe00d38adf pid=51632753-959a-443a-8d0a-4c40de5d80d5): General Error
FAILED:  [applications/3b0da179-6a92-44fe-8f2c-27fe00d38adf/51632753-959a-443a-8d0a-4c40de5d80d5] → HTTPException: 502: Storage upload failed
2026-04-28 19:49:46,482 - ERROR - Cloudinary upload failed (folder=talentgram/applications/3b0da179-6a92-44fe-8f2c-27fe00d38adf pid=ca209790-75b2-4abb-9509-7434b2f5bcc8): General Error
2026-04-28 19:49:47,603 - ERROR - Cloudinary upload failed (folder=talentgram/applications/3b0da179-6a92-44fe-8f2c-27fe00d38adf pid=ca209790-75b2-4abb-9509-7434b2f5bcc8): General Error
2026-04-28 19:49:49,312 - ERROR - Cloudinary upload failed (folder=talentgram/applications/3b0da179-6a92-44fe-8f2c-27fe00d38adf pid=ca209790-75b2-4abb-9509-7434b2f5bcc8): General Error
FAILED:  [applications/3b0da179-6a92-44fe-8f2c-27fe00d38adf/ca209790-75b2-4abb-9509-7434b2f5bcc8] → HTTPException: 502: Storage upload failed
2026-04-28 19:49:51,676 - ERROR - Cloudinary upload failed (folder=talentgram/applications/23aec6d4-6187-4dc7-ab2c-6606007a5e9d pid=039d114e-1369-4e18-9af7-8e8333cde07f): General Error
2026-04-28 19:49:52,791 - ERROR - Cloudinary upload failed (folder=talentgram/applications/23aec6d4-6187-4dc7-ab2c-6606007a5e9d pid=039d114e-1369-4e18-9af7-8e8333cde07f): General Error
2026-04-28 19:49:54,402 - ERROR - Cloudinary upload failed (folder=talentgram/applications/23aec6d4-6187-4dc7-ab2c-6606007a5e9d pid=039d114e-1369-4e18-9af7-8e8333cde07f): General Error
FAILED:  [applications/23aec6d4-6187-4dc7-ab2c-6606007a5e9d/039d114e-1369-4e18-9af7-8e8333cde07f] → HTTPException: 502: Storage upload failed
2026-04-28 19:49:56,608 - ERROR - Cloudinary upload failed (folder=talentgram/applications/23aec6d4-6187-4dc7-ab2c-6606007a5e9d pid=27db580b-04df-42cd-a50a-4e738d259007): General Error
2026-04-28 19:49:57,674 - ERROR - Cloudinary upload failed (folder=talentgram/applications/23aec6d4-6187-4dc7-ab2c-6606007a5e9d pid=27db580b-04df-42cd-a50a-4e738d259007): General Error
2026-04-28 19:49:59,300 - ERROR - Cloudinary upload failed (folder=talentgram/applications/23aec6d4-6187-4dc7-ab2c-6606007a5e9d pid=27db580b-04df-42cd-a50a-4e738d259007): General Error
FAILED:  [applications/23aec6d4-6187-4dc7-ab2c-6606007a5e9d/27db580b-04df-42cd-a50a-4e738d259007] → HTTPException: 502: Storage upload failed
2026-04-28 19:50:01,544 - ERROR - Cloudinary upload failed (folder=talentgram/applications/23aec6d4-6187-4dc7-ab2c-6606007a5e9d pid=a7a754d0-c80d-4808-a3dd-53d2f29a681d): General Error
2026-04-28 19:50:02,562 - ERROR - Cloudinary upload failed (folder=talentgram/applications/23aec6d4-6187-4dc7-ab2c-6606007a5e9d pid=a7a754d0-c80d-4808-a3dd-53d2f29a681d): General Error
2026-04-28 19:50:04,295 - ERROR - Cloudinary upload failed (folder=talentgram/applications/23aec6d4-6187-4dc7-ab2c-6606007a5e9d pid=a7a754d0-c80d-4808-a3dd-53d2f29a681d): General Error
FAILED:  [applications/23aec6d4-6187-4dc7-ab2c-6606007a5e9d/a7a754d0-c80d-4808-a3dd-53d2f29a681d] → HTTPException: 502: Storage upload failed
2026-04-28 19:50:06,895 - ERROR - Cloudinary upload failed (folder=talentgram/applications/23aec6d4-6187-4dc7-ab2c-6606007a5e9d pid=5bc87771-456c-4810-96a3-b12935055194): General Error
2026-04-28 19:50:07,991 - ERROR - Cloudinary upload failed (folder=talentgram/applications/23aec6d4-6187-4dc7-ab2c-6606007a5e9d pid=5bc87771-456c-4810-96a3-b12935055194): General Error
2026-04-28 19:50:09,858 - ERROR - Cloudinary upload failed (folder=talentgram/applications/23aec6d4-6187-4dc7-ab2c-6606007a5e9d pid=5bc87771-456c-4810-96a3-b12935055194): General Error
FAILED:  [applications/23aec6d4-6187-4dc7-ab2c-6606007a5e9d/5bc87771-456c-4810-96a3-b12935055194] → HTTPException: 502: Storage upload failed
2026-04-28 19:50:12,287 - ERROR - Cloudinary upload failed (folder=talentgram/applications/23aec6d4-6187-4dc7-ab2c-6606007a5e9d pid=1a093bb5-380a-449a-a460-c8bb128a90f5): General Error
2026-04-28 19:50:13,406 - ERROR - Cloudinary upload failed (folder=talentgram/applications/23aec6d4-6187-4dc7-ab2c-6606007a5e9d pid=1a093bb5-380a-449a-a460-c8bb128a90f5): General Error
2026-04-28 19:50:15,363 - ERROR - Cloudinary upload failed (folder=talentgram/applications/23aec6d4-6187-4dc7-ab2c-6606007a5e9d pid=1a093bb5-380a-449a-a460-c8bb128a90f5): General Error
FAILED:  [applications/23aec6d4-6187-4dc7-ab2c-6606007a5e9d/1a093bb5-380a-449a-a460-c8bb128a90f5] → HTTPException: 502: Storage upload failed
2026-04-28 19:50:17,639 - ERROR - Cloudinary upload failed (folder=talentgram/applications/23aec6d4-6187-4dc7-ab2c-6606007a5e9d pid=01101d1a-9a74-4a79-9131-774bb47e9628): General Error
2026-04-28 19:50:18,919 - ERROR - Cloudinary upload failed (folder=talentgram/applications/23aec6d4-6187-4dc7-ab2c-6606007a5e9d pid=01101d1a-9a74-4a79-9131-774bb47e9628): General Error
2026-04-28 19:50:20,611 - ERROR - Cloudinary upload failed (folder=talentgram/applications/23aec6d4-6187-4dc7-ab2c-6606007a5e9d pid=01101d1a-9a74-4a79-9131-774bb47e9628): General Error
FAILED:  [applications/23aec6d4-6187-4dc7-ab2c-6606007a5e9d/01101d1a-9a74-4a79-9131-774bb47e9628] → HTTPException: 502: Storage upload failed
2026-04-28 19:50:22,908 - ERROR - Cloudinary upload failed (folder=talentgram/applications/23aec6d4-6187-4dc7-ab2c-6606007a5e9d pid=3f250c30-21a4-4e83-909b-5c1861254399): General Error
2026-04-28 19:50:23,995 - ERROR - Cloudinary upload failed (folder=talentgram/applications/23aec6d4-6187-4dc7-ab2c-6606007a5e9d pid=3f250c30-21a4-4e83-909b-5c1861254399): General Error
2026-04-28 19:50:25,690 - ERROR - Cloudinary upload failed (folder=talentgram/applications/23aec6d4-6187-4dc7-ab2c-6606007a5e9d pid=3f250c30-21a4-4e83-909b-5c1861254399): General Error
FAILED:  [applications/23aec6d4-6187-4dc7-ab2c-6606007a5e9d/3f250c30-21a4-4e83-909b-5c1861254399] → HTTPException: 502: Storage upload failed
2026-04-28 19:50:27,969 - ERROR - Cloudinary upload failed (folder=talentgram/applications/23aec6d4-6187-4dc7-ab2c-6606007a5e9d pid=173d9da4-64c9-42d9-8b1f-b0a88bbd394e): General Error
2026-04-28 19:50:28,994 - ERROR - Cloudinary upload failed (folder=talentgram/applications/23aec6d4-6187-4dc7-ab2c-6606007a5e9d pid=173d9da4-64c9-42d9-8b1f-b0a88bbd394e): General Error
2026-04-28 19:50:30,648 - ERROR - Cloudinary upload failed (folder=talentgram/applications/23aec6d4-6187-4dc7-ab2c-6606007a5e9d pid=173d9da4-64c9-42d9-8b1f-b0a88bbd394e): General Error
FAILED:  [applications/23aec6d4-6187-4dc7-ab2c-6606007a5e9d/173d9da4-64c9-42d9-8b1f-b0a88bbd394e] → HTTPException: 502: Storage upload failed
2026-04-28 19:50:32,889 - ERROR - Cloudinary upload failed (folder=talentgram/applications/23aec6d4-6187-4dc7-ab2c-6606007a5e9d pid=43b78fe6-ff48-4b3a-aa17-c850cde63d15): General Error
2026-04-28 19:50:33,975 - ERROR - Cloudinary upload failed (folder=talentgram/applications/23aec6d4-6187-4dc7-ab2c-6606007a5e9d pid=43b78fe6-ff48-4b3a-aa17-c850cde63d15): General Error
2026-04-28 19:50:35,722 - ERROR - Cloudinary upload failed (folder=talentgram/applications/23aec6d4-6187-4dc7-ab2c-6606007a5e9d pid=43b78fe6-ff48-4b3a-aa17-c850cde63d15): General Error
FAILED:  [applications/23aec6d4-6187-4dc7-ab2c-6606007a5e9d/43b78fe6-ff48-4b3a-aa17-c850cde63d15] → HTTPException: 502: Storage upload failed
2026-04-28 19:50:37,968 - ERROR - Cloudinary upload failed (folder=talentgram/applications/23aec6d4-6187-4dc7-ab2c-6606007a5e9d pid=5a7d714d-ad6a-49ac-a78b-653bccd1860b): General Error
2026-04-28 19:50:39,073 - ERROR - Cloudinary upload failed (folder=talentgram/applications/23aec6d4-6187-4dc7-ab2c-6606007a5e9d pid=5a7d714d-ad6a-49ac-a78b-653bccd1860b): General Error
2026-04-28 19:50:40,755 - ERROR - Cloudinary upload failed (folder=talentgram/applications/23aec6d4-6187-4dc7-ab2c-6606007a5e9d pid=5a7d714d-ad6a-49ac-a78b-653bccd1860b): General Error
FAILED:  [applications/23aec6d4-6187-4dc7-ab2c-6606007a5e9d/5a7d714d-ad6a-49ac-a78b-653bccd1860b] → HTTPException: 502: Storage upload failed
2026-04-28 19:50:43,031 - ERROR - Cloudinary upload failed (folder=talentgram/applications/23aec6d4-6187-4dc7-ab2c-6606007a5e9d pid=ba9f00ff-6534-4db8-9d0a-f5d82ab7b2f7): General Error
2026-04-28 19:50:44,168 - ERROR - Cloudinary upload failed (folder=talentgram/applications/23aec6d4-6187-4dc7-ab2c-6606007a5e9d pid=ba9f00ff-6534-4db8-9d0a-f5d82ab7b2f7): General Error
2026-04-28 19:50:46,207 - ERROR - Cloudinary upload failed (folder=talentgram/applications/23aec6d4-6187-4dc7-ab2c-6606007a5e9d pid=ba9f00ff-6534-4db8-9d0a-f5d82ab7b2f7): General Error
FAILED:  [applications/23aec6d4-6187-4dc7-ab2c-6606007a5e9d/ba9f00ff-6534-4db8-9d0a-f5d82ab7b2f7] → HTTPException: 502: Storage upload failed
2026-04-28 19:50:48,485 - ERROR - Cloudinary upload failed (folder=talentgram/applications/23aec6d4-6187-4dc7-ab2c-6606007a5e9d pid=18123f2f-2d14-4cca-8dc7-b27465d8a8e1): General Error
2026-04-28 19:50:49,614 - ERROR - Cloudinary upload failed (folder=talentgram/applications/23aec6d4-6187-4dc7-ab2c-6606007a5e9d pid=18123f2f-2d14-4cca-8dc7-b27465d8a8e1): General Error
2026-04-28 19:50:51,271 - ERROR - Cloudinary upload failed (folder=talentgram/applications/23aec6d4-6187-4dc7-ab2c-6606007a5e9d pid=18123f2f-2d14-4cca-8dc7-b27465d8a8e1): General Error
FAILED:  [applications/23aec6d4-6187-4dc7-ab2c-6606007a5e9d/18123f2f-2d14-4cca-8dc7-b27465d8a8e1] → HTTPException: 502: Storage upload failed
2026-04-28 19:50:53,492 - ERROR - Cloudinary upload failed (folder=talentgram/applications/23aec6d4-6187-4dc7-ab2c-6606007a5e9d pid=94c40d9b-34b9-4eb6-8862-b46cf4f2c5c2): General Error
2026-04-28 19:50:54,523 - ERROR - Cloudinary upload failed (folder=talentgram/applications/23aec6d4-6187-4dc7-ab2c-6606007a5e9d pid=94c40d9b-34b9-4eb6-8862-b46cf4f2c5c2): General Error
2026-04-28 19:50:56,149 - ERROR - Cloudinary upload failed (folder=talentgram/applications/23aec6d4-6187-4dc7-ab2c-6606007a5e9d pid=94c40d9b-34b9-4eb6-8862-b46cf4f2c5c2): General Error
FAILED:  [applications/23aec6d4-6187-4dc7-ab2c-6606007a5e9d/94c40d9b-34b9-4eb6-8862-b46cf4f2c5c2] → HTTPException: 502: Storage upload failed
2026-04-28 19:50:58,431 - ERROR - Cloudinary upload failed (folder=talentgram/applications/23aec6d4-6187-4dc7-ab2c-6606007a5e9d pid=5c67e499-7657-4764-9c4d-770901fb415e): General Error
2026-04-28 19:50:59,470 - ERROR - Cloudinary upload failed (folder=talentgram/applications/23aec6d4-6187-4dc7-ab2c-6606007a5e9d pid=5c67e499-7657-4764-9c4d-770901fb415e): General Error
2026-04-28 19:51:01,123 - ERROR - Cloudinary upload failed (folder=talentgram/applications/23aec6d4-6187-4dc7-ab2c-6606007a5e9d pid=5c67e499-7657-4764-9c4d-770901fb415e): General Error
FAILED:  [applications/23aec6d4-6187-4dc7-ab2c-6606007a5e9d/5c67e499-7657-4764-9c4d-770901fb415e] → HTTPException: 502: Storage upload failed
2026-04-28 19:51:03,456 - ERROR - Cloudinary upload failed (folder=talentgram/applications/23aec6d4-6187-4dc7-ab2c-6606007a5e9d pid=e5e6c84e-73be-47a7-83f1-153bea763068): General Error
2026-04-28 19:51:04,562 - ERROR - Cloudinary upload failed (folder=talentgram/applications/23aec6d4-6187-4dc7-ab2c-6606007a5e9d pid=e5e6c84e-73be-47a7-83f1-153bea763068): General Error
2026-04-28 19:51:06,280 - ERROR - Cloudinary upload failed (folder=talentgram/applications/23aec6d4-6187-4dc7-ab2c-6606007a5e9d pid=e5e6c84e-73be-47a7-83f1-153bea763068): General Error
FAILED:  [applications/23aec6d4-6187-4dc7-ab2c-6606007a5e9d/e5e6c84e-73be-47a7-83f1-153bea763068] → HTTPException: 502: Storage upload failed
2026-04-28 19:51:08,690 - ERROR - Cloudinary upload failed (folder=talentgram/applications/23aec6d4-6187-4dc7-ab2c-6606007a5e9d pid=6b3e0be6-0b3e-420d-906d-ecfd4bb41cc8): General Error
2026-04-28 19:51:37,359 - ERROR - Cloudinary upload failed (folder=talentgram/applications/23aec6d4-6187-4dc7-ab2c-6606007a5e9d pid=6b3e0be6-0b3e-420d-906d-ecfd4bb41cc8): General Error
2026-04-28 19:51:39,345 - ERROR - Cloudinary upload failed (folder=talentgram/applications/23aec6d4-6187-4dc7-ab2c-6606007a5e9d pid=6b3e0be6-0b3e-420d-906d-ecfd4bb41cc8): General Error
FAILED:  [applications/23aec6d4-6187-4dc7-ab2c-6606007a5e9d/6b3e0be6-0b3e-420d-906d-ecfd4bb41cc8] → HTTPException: 502: Storage upload failed
2026-04-28 19:51:41,536 - ERROR - Cloudinary upload failed (folder=talentgram/applications/23aec6d4-6187-4dc7-ab2c-6606007a5e9d pid=c7dfc00c-3a98-4254-a9fd-2fa9e52807c8): General Error
2026-04-28 19:51:42,593 - ERROR - Cloudinary upload failed (folder=talentgram/applications/23aec6d4-6187-4dc7-ab2c-6606007a5e9d pid=c7dfc00c-3a98-4254-a9fd-2fa9e52807c8): General Error
2026-04-28 19:51:44,528 - ERROR - Cloudinary upload failed (folder=talentgram/applications/23aec6d4-6187-4dc7-ab2c-6606007a5e9d pid=c7dfc00c-3a98-4254-a9fd-2fa9e52807c8): General Error
FAILED:  [applications/23aec6d4-6187-4dc7-ab2c-6606007a5e9d/c7dfc00c-3a98-4254-a9fd-2fa9e52807c8] → HTTPException: 502: Storage upload failed
2026-04-28 19:51:46,845 - ERROR - Cloudinary upload failed (folder=talentgram/applications/23aec6d4-6187-4dc7-ab2c-6606007a5e9d pid=2bd6af2e-4612-40cf-a7c5-d83cf2b04ca3): General Error
2026-04-28 19:51:47,909 - ERROR - Cloudinary upload failed (folder=talentgram/applications/23aec6d4-6187-4dc7-ab2c-6606007a5e9d pid=2bd6af2e-4612-40cf-a7c5-d83cf2b04ca3): General Error
2026-04-28 19:51:49,559 - ERROR - Cloudinary upload failed (folder=talentgram/applications/23aec6d4-6187-4dc7-ab2c-6606007a5e9d pid=2bd6af2e-4612-40cf-a7c5-d83cf2b04ca3): General Error
FAILED:  [applications/23aec6d4-6187-4dc7-ab2c-6606007a5e9d/2bd6af2e-4612-40cf-a7c5-d83cf2b04ca3] → HTTPException: 502: Storage upload failed
2026-04-28 19:51:51,802 - ERROR - Cloudinary upload failed (folder=talentgram/applications/23aec6d4-6187-4dc7-ab2c-6606007a5e9d pid=8c52f62e-064e-4600-be4d-3a99b2b8fdda): General Error
2026-04-28 19:51:53,002 - ERROR - Cloudinary upload failed (folder=talentgram/applications/23aec6d4-6187-4dc7-ab2c-6606007a5e9d pid=8c52f62e-064e-4600-be4d-3a99b2b8fdda): General Error
2026-04-28 19:51:54,742 - ERROR - Cloudinary upload failed (folder=talentgram/applications/23aec6d4-6187-4dc7-ab2c-6606007a5e9d pid=8c52f62e-064e-4600-be4d-3a99b2b8fdda): General Error
FAILED:  [applications/23aec6d4-6187-4dc7-ab2c-6606007a5e9d/8c52f62e-064e-4600-be4d-3a99b2b8fdda] → HTTPException: 502: Storage upload failed
2026-04-28 19:51:56,943 - ERROR - Cloudinary upload failed (folder=talentgram/applications/23aec6d4-6187-4dc7-ab2c-6606007a5e9d pid=bbbc7a77-89a0-42e1-bdaa-b3ee056db9df): General Error
2026-04-28 19:51:58,043 - ERROR - Cloudinary upload failed (folder=talentgram/applications/23aec6d4-6187-4dc7-ab2c-6606007a5e9d pid=bbbc7a77-89a0-42e1-bdaa-b3ee056db9df): General Error
2026-04-28 19:51:59,665 - ERROR - Cloudinary upload failed (folder=talentgram/applications/23aec6d4-6187-4dc7-ab2c-6606007a5e9d pid=bbbc7a77-89a0-42e1-bdaa-b3ee056db9df): General Error
FAILED:  [applications/23aec6d4-6187-4dc7-ab2c-6606007a5e9d/bbbc7a77-89a0-42e1-bdaa-b3ee056db9df] → HTTPException: 502: Storage upload failed
2026-04-28 19:52:01,961 - ERROR - Cloudinary upload failed (folder=talentgram/applications/23aec6d4-6187-4dc7-ab2c-6606007a5e9d pid=3141d71e-e159-43e2-96a6-2a2725cb2ac2): General Error
2026-04-28 19:52:03,006 - ERROR - Cloudinary upload failed (folder=talentgram/applications/23aec6d4-6187-4dc7-ab2c-6606007a5e9d pid=3141d71e-e159-43e2-96a6-2a2725cb2ac2): General Error
2026-04-28 19:52:04,761 - ERROR - Cloudinary upload failed (folder=talentgram/applications/23aec6d4-6187-4dc7-ab2c-6606007a5e9d pid=3141d71e-e159-43e2-96a6-2a2725cb2ac2): General Error
FAILED:  [applications/23aec6d4-6187-4dc7-ab2c-6606007a5e9d/3141d71e-e159-43e2-96a6-2a2725cb2ac2] → HTTPException: 502: Storage upload failed
2026-04-28 19:52:07,023 - ERROR - Cloudinary upload failed (folder=talentgram/applications/23aec6d4-6187-4dc7-ab2c-6606007a5e9d pid=6cddf738-01ce-4071-a158-7fca4651c423): General Error
2026-04-28 19:52:08,292 - ERROR - Cloudinary upload failed (folder=talentgram/applications/23aec6d4-6187-4dc7-ab2c-6606007a5e9d pid=6cddf738-01ce-4071-a158-7fca4651c423): General Error
2026-04-28 19:52:10,014 - ERROR - Cloudinary upload failed (folder=talentgram/applications/23aec6d4-6187-4dc7-ab2c-6606007a5e9d pid=6cddf738-01ce-4071-a158-7fca4651c423): General Error
FAILED:  [applications/23aec6d4-6187-4dc7-ab2c-6606007a5e9d/6cddf738-01ce-4071-a158-7fca4651c423] → HTTPException: 502: Storage upload failed
2026-04-28 19:52:12,563 - ERROR - Cloudinary upload failed (folder=talentgram/applications/23aec6d4-6187-4dc7-ab2c-6606007a5e9d pid=ddfe5cb1-db8a-4561-8f69-3f0a72bd0a93): General Error
2026-04-28 19:52:13,949 - ERROR - Cloudinary upload failed (folder=talentgram/applications/23aec6d4-6187-4dc7-ab2c-6606007a5e9d pid=ddfe5cb1-db8a-4561-8f69-3f0a72bd0a93): General Error
2026-04-28 19:52:15,827 - ERROR - Cloudinary upload failed (folder=talentgram/applications/23aec6d4-6187-4dc7-ab2c-6606007a5e9d pid=ddfe5cb1-db8a-4561-8f69-3f0a72bd0a93): General Error
FAILED:  [applications/23aec6d4-6187-4dc7-ab2c-6606007a5e9d/ddfe5cb1-db8a-4561-8f69-3f0a72bd0a93] → HTTPException: 502: Storage upload failed
2026-04-28 19:52:18,187 - ERROR - Cloudinary upload failed (folder=talentgram/applications/23aec6d4-6187-4dc7-ab2c-6606007a5e9d pid=8cbc4613-3698-4c03-9674-22475dc33b21): General Error
2026-04-28 19:52:19,309 - ERROR - Cloudinary upload failed (folder=talentgram/applications/23aec6d4-6187-4dc7-ab2c-6606007a5e9d pid=8cbc4613-3698-4c03-9674-22475dc33b21): General Error
2026-04-28 19:52:21,408 - ERROR - Cloudinary upload failed (folder=talentgram/applications/23aec6d4-6187-4dc7-ab2c-6606007a5e9d pid=8cbc4613-3698-4c03-9674-22475dc33b21): General Error
FAILED:  [applications/23aec6d4-6187-4dc7-ab2c-6606007a5e9d/8cbc4613-3698-4c03-9674-22475dc33b21] → HTTPException: 502: Storage upload failed
2026-04-28 19:52:23,671 - ERROR - Cloudinary upload failed (folder=talentgram/applications/23aec6d4-6187-4dc7-ab2c-6606007a5e9d pid=e005c339-3fe3-4efa-9d07-39c231e49f20): General Error
2026-04-28 19:52:24,725 - ERROR - Cloudinary upload failed (folder=talentgram/applications/23aec6d4-6187-4dc7-ab2c-6606007a5e9d pid=e005c339-3fe3-4efa-9d07-39c231e49f20): General Error
2026-04-28 19:52:26,328 - ERROR - Cloudinary upload failed (folder=talentgram/applications/23aec6d4-6187-4dc7-ab2c-6606007a5e9d pid=e005c339-3fe3-4efa-9d07-39c231e49f20): General Error
FAILED:  [applications/23aec6d4-6187-4dc7-ab2c-6606007a5e9d/e005c339-3fe3-4efa-9d07-39c231e49f20] → HTTPException: 502: Storage upload failed
2026-04-28 19:52:28,617 - ERROR - Cloudinary upload failed (folder=talentgram/applications/23aec6d4-6187-4dc7-ab2c-6606007a5e9d pid=28633ce0-d923-4b59-8da8-0dc23608033e): General Error
2026-04-28 19:52:29,685 - ERROR - Cloudinary upload failed (folder=talentgram/applications/23aec6d4-6187-4dc7-ab2c-6606007a5e9d pid=28633ce0-d923-4b59-8da8-0dc23608033e): General Error
2026-04-28 19:52:31,369 - ERROR - Cloudinary upload failed (folder=talentgram/applications/23aec6d4-6187-4dc7-ab2c-6606007a5e9d pid=28633ce0-d923-4b59-8da8-0dc23608033e): General Error
FAILED:  [applications/23aec6d4-6187-4dc7-ab2c-6606007a5e9d/28633ce0-d923-4b59-8da8-0dc23608033e] → HTTPException: 502: Storage upload failed
2026-04-28 19:52:33,590 - ERROR - Cloudinary upload failed (folder=talentgram/applications/23aec6d4-6187-4dc7-ab2c-6606007a5e9d pid=0d677868-61b4-404c-b902-21751abd0477): General Error
2026-04-28 19:52:34,643 - ERROR - Cloudinary upload failed (folder=talentgram/applications/23aec6d4-6187-4dc7-ab2c-6606007a5e9d pid=0d677868-61b4-404c-b902-21751abd0477): General Error
2026-04-28 19:52:36,327 - ERROR - Cloudinary upload failed (folder=talentgram/applications/23aec6d4-6187-4dc7-ab2c-6606007a5e9d pid=0d677868-61b4-404c-b902-21751abd0477): General Error
FAILED:  [applications/23aec6d4-6187-4dc7-ab2c-6606007a5e9d/0d677868-61b4-404c-b902-21751abd0477] → HTTPException: 502: Storage upload failed
2026-04-28 19:52:38,613 - ERROR - Cloudinary upload failed (folder=talentgram/applications/23aec6d4-6187-4dc7-ab2c-6606007a5e9d pid=dd3898ac-d958-4616-9994-49f9ea2bc5b5): General Error
2026-04-28 19:52:39,622 - ERROR - Cloudinary upload failed (folder=talentgram/applications/23aec6d4-6187-4dc7-ab2c-6606007a5e9d pid=dd3898ac-d958-4616-9994-49f9ea2bc5b5): General Error
2026-04-28 19:52:41,333 - ERROR - Cloudinary upload failed (folder=talentgram/applications/23aec6d4-6187-4dc7-ab2c-6606007a5e9d pid=dd3898ac-d958-4616-9994-49f9ea2bc5b5): General Error
FAILED:  [applications/23aec6d4-6187-4dc7-ab2c-6606007a5e9d/dd3898ac-d958-4616-9994-49f9ea2bc5b5] → HTTPException: 502: Storage upload failed
2026-04-28 19:52:43,758 - ERROR - Cloudinary upload failed (folder=talentgram/applications/23aec6d4-6187-4dc7-ab2c-6606007a5e9d pid=fa71b838-585b-4f6f-9b8b-286ea7abbaa6): General Error
2026-04-28 19:52:44,923 - ERROR - Cloudinary upload failed (folder=talentgram/applications/23aec6d4-6187-4dc7-ab2c-6606007a5e9d pid=fa71b838-585b-4f6f-9b8b-286ea7abbaa6): General Error
2026-04-28 19:52:46,644 - ERROR - Cloudinary upload failed (folder=talentgram/applications/23aec6d4-6187-4dc7-ab2c-6606007a5e9d pid=fa71b838-585b-4f6f-9b8b-286ea7abbaa6): General Error
FAILED:  [applications/23aec6d4-6187-4dc7-ab2c-6606007a5e9d/fa71b838-585b-4f6f-9b8b-286ea7abbaa6] → HTTPException: 502: Storage upload failed
2026-04-28 19:52:49,267 - ERROR - Cloudinary upload failed (folder=talentgram/applications/23aec6d4-6187-4dc7-ab2c-6606007a5e9d pid=8c8bd28d-bca6-4241-8241-868d59b04582): General Error
2026-04-28 19:52:50,390 - ERROR - Cloudinary upload failed (folder=talentgram/applications/23aec6d4-6187-4dc7-ab2c-6606007a5e9d pid=8c8bd28d-bca6-4241-8241-868d59b04582): General Error
2026-04-28 19:52:52,215 - ERROR - Cloudinary upload failed (folder=talentgram/applications/23aec6d4-6187-4dc7-ab2c-6606007a5e9d pid=8c8bd28d-bca6-4241-8241-868d59b04582): General Error
FAILED:  [applications/23aec6d4-6187-4dc7-ab2c-6606007a5e9d/8c8bd28d-bca6-4241-8241-868d59b04582] → HTTPException: 502: Storage upload failed
SKIPPED: [projects/cd3d9ac1-9a70-4c24-9af6-9f2beb163b22/af78dfa6-644a-49c5-84d4-d6fa88739295] → already-migrated
SKIPPED: [projects/cd3d9ac1-9a70-4c24-9af6-9f2beb163b22/baa1240c-dcf1-4c94-9369-76f80b77ddf4] → already-migrated
SKIPPED: [projects/5d3de087-a8b0-4cae-bc21-2e5537dbb3bc/a257d01b-789f-4281-8448-c148255eb307] → already-migrated

================ SUMMARY ================
Total scanned: 252
Migrated:      3
Skipped:       149
Failed:        100
Mode:          LIVE
=========================================
